[ 2020-05-09T16:29:57+08:00 ] 127.0.0.1 127.0.0.1 GET /public/admin
[ log ] www.alia.com/public/admin [运行时间：0.132007s][吞吐率：7.58req/s] [内存消耗：2,110.96kb] [文件加载：49]
[ info ] [ LANG ] D:\phpstudy_pro\WWW\www.alia.com\thinkphp\lang\zh-cn.php
[ info ] [ ROUTE ] array (
  'type' => 'module',
  'module' => 
  array (
    0 => 'admin',
    1 => NULL,
    2 => NULL,
  ),
)
[ info ] [ HEADER ] array (
  'cookie' => 'Hm_lvt_b393d153aeb26b46e9431fabaf0f6190=1587004248,1587023233,1587089849,1588498922',
  'accept-language' => 'zh-CN,zh;q=0.9',
  'accept-encoding' => 'gzip, deflate',
  'purpose' => 'prefetch',
  'accept' => 'text/html,application/xhtml+xml,application/xml;q=0.9,image/webp,image/apng,*/*;q=0.8,application/signed-exchange;v=b3',
  'user-agent' => 'Mozilla/5.0 (Windows NT 6.1; Win64; x64) AppleWebKit/537.36 (KHTML, like Gecko) Chrome/76.0.3809.100 Safari/537.36',
  'upgrade-insecure-requests' => '1',
  'connection' => 'close',
  'host' => 'www.alia.com',
)
[ info ] [ PARAM ] array (
)
[ info ] [ SESSION ] INIT array (
  'id' => '',
  'var_session_id' => '',
  'prefix' => 'think',
  'type' => '',
  'auto_start' => true,
)
[ info ] [ VIEW ] D:\phpstudy_pro\WWW\www.alia.com\thinkphp\tpl\dispatch_jump.tpl [ array (
  0 => 'code',
  1 => 'msg',
  2 => 'data',
  3 => 'url',
  4 => 'wait',
) ]
[ info ] [ LOG ] INIT File

---------------------------------------------------------------
[ 2020-05-09T16:29:58+08:00 ] 127.0.0.1 127.0.0.1 GET /public/admin
[ log ] www.alia.com/public/admin [运行时间：0.042002s][吞吐率：23.81req/s] [内存消耗：2,110.33kb] [文件加载：49]
[ info ] [ LANG ] D:\phpstudy_pro\WWW\www.alia.com\thinkphp\lang\zh-cn.php
[ info ] [ ROUTE ] array (
  'type' => 'module',
  'module' => 
  array (
    0 => 'admin',
    1 => NULL,
    2 => NULL,
  ),
)
[ info ] [ HEADER ] array (
  'cookie' => 'Hm_lvt_b393d153aeb26b46e9431fabaf0f6190=1587004248,1587023233,1587089849,1588498922; PHPSESSID=5b14ieb162njgdg6p363vmsv60',
  'accept-language' => 'zh-CN,zh;q=0.9',
  'accept-encoding' => 'gzip, deflate',
  'accept' => 'text/html,application/xhtml+xml,application/xml;q=0.9,image/webp,image/apng,*/*;q=0.8,application/signed-exchange;v=b3',
  'user-agent' => 'Mozilla/5.0 (Windows NT 6.1; Win64; x64) AppleWebKit/537.36 (KHTML, like Gecko) Chrome/76.0.3809.100 Safari/537.36',
  'upgrade-insecure-requests' => '1',
  'connection' => 'close',
  'host' => 'www.alia.com',
)
[ info ] [ PARAM ] array (
)
[ info ] [ SESSION ] INIT array (
  'id' => '',
  'var_session_id' => '',
  'prefix' => 'think',
  'type' => '',
  'auto_start' => true,
)
[ info ] [ VIEW ] D:\phpstudy_pro\WWW\www.alia.com\thinkphp\tpl\dispatch_jump.tpl [ array (
  0 => 'code',
  1 => 'msg',
  2 => 'data',
  3 => 'url',
  4 => 'wait',
) ]
[ info ] [ LOG ] INIT File

---------------------------------------------------------------
[ 2020-05-09T16:30:01+08:00 ] 127.0.0.1 127.0.0.1 GET /public/admin/login/index.html
[ log ] www.alia.com/public/admin/login/index.html [运行时间：0.070004s][吞吐率：14.28req/s] [内存消耗：2,095.02kb] [文件加载：47]
[ info ] [ LANG ] D:\phpstudy_pro\WWW\www.alia.com\thinkphp\lang\zh-cn.php
[ info ] [ ROUTE ] array (
  'type' => 'module',
  'module' => 
  array (
    0 => 'admin',
    1 => 'login',
    2 => 'index',
  ),
)
[ info ] [ HEADER ] array (
  'cookie' => 'Hm_lvt_b393d153aeb26b46e9431fabaf0f6190=1587004248,1587023233,1587089849,1588498922; PHPSESSID=5b14ieb162njgdg6p363vmsv60',
  'accept-language' => 'zh-CN,zh;q=0.9',
  'accept-encoding' => 'gzip, deflate',
  'referer' => 'http://www.alia.com/public/admin',
  'accept' => 'text/html,application/xhtml+xml,application/xml;q=0.9,image/webp,image/apng,*/*;q=0.8,application/signed-exchange;v=b3',
  'user-agent' => 'Mozilla/5.0 (Windows NT 6.1; Win64; x64) AppleWebKit/537.36 (KHTML, like Gecko) Chrome/76.0.3809.100 Safari/537.36',
  'upgrade-insecure-requests' => '1',
  'connection' => 'close',
  'host' => 'www.alia.com',
)
[ info ] [ PARAM ] array (
)
[ info ] [ RUN ] app\admin\controller\Login->index[ D:\phpstudy_pro\WWW\www.alia.com\application\admin\controller\Login.php ]
[ info ] [ VIEW ] D:\phpstudy_pro\WWW\www.alia.com\public/../application/admin\view\login\index.html [ array (
) ]
[ info ] [ LOG ] INIT File

---------------------------------------------------------------
[ 2020-05-09T16:30:02+08:00 ] 127.0.0.1 127.0.0.1 GET /public/admin/login/index.html
[ log ] www.alia.com/public/admin/login/index.html [运行时间：0.034002s][吞吐率：29.41req/s] [内存消耗：2,095.02kb] [文件加载：47]
[ info ] [ LANG ] D:\phpstudy_pro\WWW\www.alia.com\thinkphp\lang\zh-cn.php
[ info ] [ ROUTE ] array (
  'type' => 'module',
  'module' => 
  array (
    0 => 'admin',
    1 => 'login',
    2 => 'index',
  ),
)
[ info ] [ HEADER ] array (
  'cookie' => 'Hm_lvt_b393d153aeb26b46e9431fabaf0f6190=1587004248,1587023233,1587089849,1588498922; PHPSESSID=5b14ieb162njgdg6p363vmsv60',
  'accept-language' => 'zh-CN,zh;q=0.9',
  'accept-encoding' => 'gzip, deflate',
  'referer' => 'http://www.alia.com/public/admin',
  'accept' => 'text/html,application/xhtml+xml,application/xml;q=0.9,image/webp,image/apng,*/*;q=0.8,application/signed-exchange;v=b3',
  'user-agent' => 'Mozilla/5.0 (Windows NT 6.1; Win64; x64) AppleWebKit/537.36 (KHTML, like Gecko) Chrome/76.0.3809.100 Safari/537.36',
  'upgrade-insecure-requests' => '1',
  'connection' => 'close',
  'host' => 'www.alia.com',
)
[ info ] [ PARAM ] array (
)
[ info ] [ RUN ] app\admin\controller\Login->index[ D:\phpstudy_pro\WWW\www.alia.com\application\admin\controller\Login.php ]
[ info ] [ VIEW ] D:\phpstudy_pro\WWW\www.alia.com\public/../application/admin\view\login\index.html [ array (
) ]
[ info ] [ LOG ] INIT File

---------------------------------------------------------------
[ 2020-05-09T16:30:09+08:00 ] 127.0.0.1 127.0.0.1 POST /public/admin/login/check.html
[ log ] www.alia.com/public/admin/login/check.html [运行时间：0.101005s][吞吐率：9.90req/s] [内存消耗：2,914.11kb] [文件加载：53]
[ info ] [ LANG ] D:\phpstudy_pro\WWW\www.alia.com\thinkphp\lang\zh-cn.php
[ info ] [ ROUTE ] array (
  'type' => 'module',
  'module' => 
  array (
    0 => 'admin',
    1 => 'login',
    2 => 'check',
  ),
)
[ info ] [ HEADER ] array (
  'cookie' => 'Hm_lvt_b393d153aeb26b46e9431fabaf0f6190=1587004248,1587023233,1587089849,1588498922; PHPSESSID=5b14ieb162njgdg6p363vmsv60',
  'accept-language' => 'zh-CN,zh;q=0.9',
  'accept-encoding' => 'gzip, deflate',
  'referer' => 'http://www.alia.com/public/admin/login/index.html',
  'content-type' => 'application/x-www-form-urlencoded; charset=UTF-8',
  'user-agent' => 'Mozilla/5.0 (Windows NT 6.1; Win64; x64) AppleWebKit/537.36 (KHTML, like Gecko) Chrome/76.0.3809.100 Safari/537.36',
  'x-requested-with' => 'XMLHttpRequest',
  'origin' => 'http://www.alia.com',
  'accept' => 'application/json, text/javascript, */*; q=0.01',
  'content-length' => '29',
  'connection' => 'close',
  'host' => 'www.alia.com',
)
[ info ] [ PARAM ] array (
  'username' => 'admin',
  'password' => 'admin',
)
[ info ] [ RUN ] app\admin\controller\Login->check[ D:\phpstudy_pro\WWW\www.alia.com\application\admin\controller\Login.php ]
[ info ] [ DB ] INIT mysql
[ info ] [ SESSION ] INIT array (
  'id' => '',
  'var_session_id' => '',
  'prefix' => 'think',
  'type' => '',
  'auto_start' => true,
)
[ info ] [ LOG ] INIT File
[ sql ] [ DB ] CONNECT:[ UseTime:0.012001s ] mysql:dbname=alia;host=127.0.0.1;charset=utf8
[ sql ] [ SQL ] SHOW COLUMNS FROM `tp_admin` [ RunTime:0.031002s ]
[ sql ] [ SQL ] SELECT * FROM `tp_admin` WHERE  `username` = 'admin' LIMIT 1 [ RunTime:0.001000s ]

---------------------------------------------------------------
[ 2020-05-09T16:30:10+08:00 ] 127.0.0.1 127.0.0.1 GET /public/admin/index/index.html
[ log ] www.alia.com/public/admin/index/index.html [运行时间：0.049002s][吞吐率：20.41req/s] [内存消耗：2,105.71kb] [文件加载：48]
[ info ] [ LANG ] D:\phpstudy_pro\WWW\www.alia.com\thinkphp\lang\zh-cn.php
[ info ] [ ROUTE ] array (
  'type' => 'module',
  'module' => 
  array (
    0 => 'admin',
    1 => 'index',
    2 => 'index',
  ),
)
[ info ] [ HEADER ] array (
  'cookie' => 'Hm_lvt_b393d153aeb26b46e9431fabaf0f6190=1587004248,1587023233,1587089849,1588498922; PHPSESSID=5b14ieb162njgdg6p363vmsv60',
  'accept-language' => 'zh-CN,zh;q=0.9',
  'accept-encoding' => 'gzip, deflate',
  'referer' => 'http://www.alia.com/public/admin/login/index.html',
  'accept' => 'text/html,application/xhtml+xml,application/xml;q=0.9,image/webp,image/apng,*/*;q=0.8,application/signed-exchange;v=b3',
  'user-agent' => 'Mozilla/5.0 (Windows NT 6.1; Win64; x64) AppleWebKit/537.36 (KHTML, like Gecko) Chrome/76.0.3809.100 Safari/537.36',
  'upgrade-insecure-requests' => '1',
  'connection' => 'close',
  'host' => 'www.alia.com',
)
[ info ] [ PARAM ] array (
)
[ info ] [ SESSION ] INIT array (
  'id' => '',
  'var_session_id' => '',
  'prefix' => 'think',
  'type' => '',
  'auto_start' => true,
)
[ info ] [ RUN ] app\admin\controller\Index->index[ D:\phpstudy_pro\WWW\www.alia.com\application\admin\controller\Index.php ]
[ info ] [ VIEW ] D:\phpstudy_pro\WWW\www.alia.com\public/../application/admin\view\index\index.html [ array (
) ]
[ info ] [ LOG ] INIT File

---------------------------------------------------------------
[ 2020-05-09T16:30:10+08:00 ] 127.0.0.1 127.0.0.1 GET /public/admin/index/main.html
[ log ] www.alia.com/public/admin/index/main.html [运行时间：0.304017s][吞吐率：3.29req/s] [内存消耗：3,365.13kb] [文件加载：59]
[ info ] [ LANG ] D:\phpstudy_pro\WWW\www.alia.com\thinkphp\lang\zh-cn.php
[ info ] [ ROUTE ] array (
  'type' => 'module',
  'module' => 
  array (
    0 => 'admin',
    1 => 'index',
    2 => 'main',
  ),
)
[ info ] [ HEADER ] array (
  'cookie' => 'Hm_lvt_b393d153aeb26b46e9431fabaf0f6190=1587004248,1587023233,1587089849,1588498922; PHPSESSID=5b14ieb162njgdg6p363vmsv60',
  'accept-language' => 'zh-CN,zh;q=0.9',
  'accept-encoding' => 'gzip, deflate',
  'referer' => 'http://www.alia.com/public/admin/index/index.html',
  'accept' => 'text/html,application/xhtml+xml,application/xml;q=0.9,image/webp,image/apng,*/*;q=0.8,application/signed-exchange;v=b3',
  'user-agent' => 'Mozilla/5.0 (Windows NT 6.1; Win64; x64) AppleWebKit/537.36 (KHTML, like Gecko) Chrome/76.0.3809.100 Safari/537.36',
  'upgrade-insecure-requests' => '1',
  'connection' => 'close',
  'host' => 'www.alia.com',
)
[ info ] [ PARAM ] array (
)
[ info ] [ SESSION ] INIT array (
  'id' => '',
  'var_session_id' => '',
  'prefix' => 'think',
  'type' => '',
  'auto_start' => true,
)
[ info ] [ RUN ] app\admin\controller\Index->main[ D:\phpstudy_pro\WWW\www.alia.com\application\admin\controller\Index.php ]
[ info ] [ DB ] INIT mysql
[ info ] [ DB ] INIT mysql
[ info ] [ DB ] INIT mysql
[ info ] [ DB ] INIT mysql
[ info ] [ DB ] INIT mysql
[ info ] [ VIEW ] D:\phpstudy_pro\WWW\www.alia.com\public/../application/admin\view\index\main.html [ array (
  0 => 'adminInfo',
  1 => 'userNum',
  2 => 'productNum',
  3 => 'productClick',
  4 => 'orderNum',
  5 => 'admin',
) ]
[ info ] [ LOG ] INIT File
[ sql ] [ DB ] CONNECT:[ UseTime:0.001000s ] mysql:dbname=alia;host=127.0.0.1;charset=utf8
[ sql ] [ SQL ] SHOW COLUMNS FROM `tp_user` [ RunTime:0.037003s ]
[ sql ] [ SQL ] SELECT COUNT(*) AS tp_count FROM `tp_user` LIMIT 1 [ RunTime:0.000000s ]
[ sql ] [ DB ] CONNECT:[ UseTime:0.001000s ] mysql:dbname=alia;host=127.0.0.1;charset=utf8
[ sql ] [ SQL ] SHOW COLUMNS FROM `tp_product` [ RunTime:0.047002s ]
[ sql ] [ SQL ] SELECT COUNT(name) AS tp_count FROM `tp_product` LIMIT 1 [ RunTime:0.019001s ]
[ sql ] [ DB ] CONNECT:[ UseTime:0.001000s ] mysql:dbname=alia;host=127.0.0.1;charset=utf8
[ sql ] [ SQL ] SELECT SUM(click) AS tp_sum FROM `tp_product` LIMIT 1 [ RunTime:0.001000s ]
[ sql ] [ DB ] CONNECT:[ UseTime:0.001000s ] mysql:dbname=alia;host=127.0.0.1;charset=utf8
[ sql ] [ SQL ] SHOW COLUMNS FROM `tp_order` [ RunTime:0.033002s ]
[ sql ] [ SQL ] SELECT COUNT(*) AS tp_count FROM `tp_order` LIMIT 1 [ RunTime:0.002000s ]
[ sql ] [ DB ] CONNECT:[ UseTime:0.001000s ] mysql:dbname=alia;host=127.0.0.1;charset=utf8
[ sql ] [ SQL ] SHOW COLUMNS FROM `tp_admin` [ RunTime:0.010000s ]
[ sql ] [ SQL ] SELECT COUNT(*) AS tp_count FROM `tp_admin` WHERE  `status` = 1 LIMIT 1 [ RunTime:0.001000s ]
[ sql ] [ SQL ] SELECT * FROM `tp_admin` WHERE  `status` = 1 LIMIT 0,6 [ RunTime:0.001001s ]

---------------------------------------------------------------
[ 2020-05-09T16:30:10+08:00 ] 127.0.0.1 127.0.0.1 GET /public/admin/admin/index.html
[ log ] www.alia.com/public/admin/admin/index.html [运行时间：0.136008s][吞吐率：7.35req/s] [内存消耗：3,158.19kb] [文件加载：58]
[ info ] [ LANG ] D:\phpstudy_pro\WWW\www.alia.com\thinkphp\lang\zh-cn.php
[ info ] [ ROUTE ] array (
  'type' => 'module',
  'module' => 
  array (
    0 => 'admin',
    1 => 'admin',
    2 => 'index',
  ),
)
[ info ] [ HEADER ] array (
  'cookie' => 'Hm_lvt_b393d153aeb26b46e9431fabaf0f6190=1587004248,1587023233,1587089849,1588498922; PHPSESSID=5b14ieb162njgdg6p363vmsv60',
  'accept-language' => 'zh-CN,zh;q=0.9',
  'accept-encoding' => 'gzip, deflate',
  'referer' => 'http://www.alia.com/public/admin/index/index.html',
  'accept' => 'text/html,application/xhtml+xml,application/xml;q=0.9,image/webp,image/apng,*/*;q=0.8,application/signed-exchange;v=b3',
  'user-agent' => 'Mozilla/5.0 (Windows NT 6.1; Win64; x64) AppleWebKit/537.36 (KHTML, like Gecko) Chrome/76.0.3809.100 Safari/537.36',
  'upgrade-insecure-requests' => '1',
  'connection' => 'close',
  'host' => 'www.alia.com',
)
[ info ] [ PARAM ] array (
)
[ info ] [ SESSION ] INIT array (
  'id' => '',
  'var_session_id' => '',
  'prefix' => 'think',
  'type' => '',
  'auto_start' => true,
)
[ info ] [ RUN ] app\admin\controller\Admin->index[ D:\phpstudy_pro\WWW\www.alia.com\application\admin\controller\Admin.php ]
[ info ] [ DB ] INIT mysql
[ info ] [ VIEW ] D:\phpstudy_pro\WWW\www.alia.com\public/../application/admin\view\admin\list.html [ array (
  0 => 'admin',
) ]
[ info ] [ LOG ] INIT File
[ sql ] [ DB ] CONNECT:[ UseTime:0.003001s ] mysql:dbname=alia;host=127.0.0.1;charset=utf8
[ sql ] [ SQL ] SHOW COLUMNS FROM `tp_admin` [ RunTime:0.014001s ]
[ sql ] [ SQL ] SELECT COUNT(*) AS tp_count FROM `tp_admin` WHERE  `status` <> 2 LIMIT 1 [ RunTime:0.001000s ]
[ sql ] [ SQL ] SELECT * FROM `tp_admin` WHERE  `status` <> 2 LIMIT 0,6 [ RunTime:0.001000s ]

---------------------------------------------------------------
[ 2020-05-09T16:30:11+08:00 ] 127.0.0.1 127.0.0.1 GET /public/admin/product/index.html
[ log ] www.alia.com/public/admin/product/index.html [运行时间：0.134007s][吞吐率：7.46req/s] [内存消耗：3,178.28kb] [文件加载：58]
[ info ] [ LANG ] D:\phpstudy_pro\WWW\www.alia.com\thinkphp\lang\zh-cn.php
[ info ] [ ROUTE ] array (
  'type' => 'module',
  'module' => 
  array (
    0 => 'admin',
    1 => 'product',
    2 => 'index',
  ),
)
[ info ] [ HEADER ] array (
  'cookie' => 'Hm_lvt_b393d153aeb26b46e9431fabaf0f6190=1587004248,1587023233,1587089849,1588498922; PHPSESSID=5b14ieb162njgdg6p363vmsv60',
  'accept-language' => 'zh-CN,zh;q=0.9',
  'accept-encoding' => 'gzip, deflate',
  'referer' => 'http://www.alia.com/public/admin/index/index.html',
  'accept' => 'text/html,application/xhtml+xml,application/xml;q=0.9,image/webp,image/apng,*/*;q=0.8,application/signed-exchange;v=b3',
  'user-agent' => 'Mozilla/5.0 (Windows NT 6.1; Win64; x64) AppleWebKit/537.36 (KHTML, like Gecko) Chrome/76.0.3809.100 Safari/537.36',
  'upgrade-insecure-requests' => '1',
  'connection' => 'close',
  'host' => 'www.alia.com',
)
[ info ] [ PARAM ] array (
)
[ info ] [ SESSION ] INIT array (
  'id' => '',
  'var_session_id' => '',
  'prefix' => 'think',
  'type' => '',
  'auto_start' => true,
)
[ info ] [ RUN ] app\admin\controller\Product->index[ D:\phpstudy_pro\WWW\www.alia.com\application\admin\controller\Product.php ]
[ info ] [ DB ] INIT mysql
[ info ] [ VIEW ] D:\phpstudy_pro\WWW\www.alia.com\public/../application/admin\view\product\list.html [ array (
  0 => 'product',
) ]
[ info ] [ LOG ] INIT File
[ sql ] [ DB ] CONNECT:[ UseTime:0.002001s ] mysql:dbname=alia;host=127.0.0.1;charset=utf8
[ sql ] [ SQL ] SHOW COLUMNS FROM `tp_product` [ RunTime:0.013000s ]
[ sql ] [ SQL ] SELECT COUNT(*) AS tp_count FROM `tp_product` `p` INNER JOIN `tp_cate` `c` ON `c`.`id`=`p`.`c_id` LIMIT 1 [ RunTime:0.028002s ]
[ sql ] [ SQL ] SELECT `p`.*,`c`.`catename` FROM `tp_product` `p` INNER JOIN `tp_cate` `c` ON `c`.`id`=`p`.`c_id` ORDER BY `id`  desc LIMIT 0,5 [ RunTime:0.003000s ]

---------------------------------------------------------------
[ 2020-05-09T16:30:11+08:00 ] 127.0.0.1 127.0.0.1 GET /public/admin/product/today.html
[ log ] www.alia.com/public/admin/product/today.html [运行时间：0.101005s][吞吐率：9.90req/s] [内存消耗：3,153.05kb] [文件加载：58]
[ info ] [ LANG ] D:\phpstudy_pro\WWW\www.alia.com\thinkphp\lang\zh-cn.php
[ info ] [ ROUTE ] array (
  'type' => 'module',
  'module' => 
  array (
    0 => 'admin',
    1 => 'product',
    2 => 'today',
  ),
)
[ info ] [ HEADER ] array (
  'cookie' => 'Hm_lvt_b393d153aeb26b46e9431fabaf0f6190=1587004248,1587023233,1587089849,1588498922; PHPSESSID=5b14ieb162njgdg6p363vmsv60',
  'accept-language' => 'zh-CN,zh;q=0.9',
  'accept-encoding' => 'gzip, deflate',
  'referer' => 'http://www.alia.com/public/admin/index/index.html',
  'accept' => 'text/html,application/xhtml+xml,application/xml;q=0.9,image/webp,image/apng,*/*;q=0.8,application/signed-exchange;v=b3',
  'user-agent' => 'Mozilla/5.0 (Windows NT 6.1; Win64; x64) AppleWebKit/537.36 (KHTML, like Gecko) Chrome/76.0.3809.100 Safari/537.36',
  'upgrade-insecure-requests' => '1',
  'connection' => 'close',
  'host' => 'www.alia.com',
)
[ info ] [ PARAM ] array (
)
[ info ] [ SESSION ] INIT array (
  'id' => '',
  'var_session_id' => '',
  'prefix' => 'think',
  'type' => '',
  'auto_start' => true,
)
[ info ] [ RUN ] app\admin\controller\Product->today[ D:\phpstudy_pro\WWW\www.alia.com\application\admin\controller\Product.php ]
[ info ] [ DB ] INIT mysql
[ info ] [ VIEW ] D:\phpstudy_pro\WWW\www.alia.com\public/../application/admin\view\product\today.html [ array (
  0 => 'today',
) ]
[ info ] [ LOG ] INIT File
[ sql ] [ DB ] CONNECT:[ UseTime:0.011001s ] mysql:dbname=alia;host=127.0.0.1;charset=utf8
[ sql ] [ SQL ] SHOW COLUMNS FROM `tp_product` [ RunTime:0.017001s ]
[ sql ] [ SQL ] SELECT COUNT(*) AS tp_count FROM `tp_product` `p` INNER JOIN `tp_cate` `c` ON `c`.`id`=`p`.`c_id` WHERE  `type` = 1 LIMIT 1 [ RunTime:0.003000s ]
[ sql ] [ SQL ] SELECT `p`.*,`c`.`catename` FROM `tp_product` `p` INNER JOIN `tp_cate` `c` ON `c`.`id`=`p`.`c_id` WHERE  `type` = 1 ORDER BY `id`  desc LIMIT 0,5 [ RunTime:0.001000s ]

---------------------------------------------------------------
[ 2020-05-09T16:30:11+08:00 ] 127.0.0.1 127.0.0.1 GET /public/admin/product/tomorrow.html
[ log ] www.alia.com/public/admin/product/tomorrow.html [运行时间：0.086005s][吞吐率：11.63req/s] [内存消耗：3,153.03kb] [文件加载：58]
[ info ] [ LANG ] D:\phpstudy_pro\WWW\www.alia.com\thinkphp\lang\zh-cn.php
[ info ] [ ROUTE ] array (
  'type' => 'module',
  'module' => 
  array (
    0 => 'admin',
    1 => 'product',
    2 => 'tomorrow',
  ),
)
[ info ] [ HEADER ] array (
  'cookie' => 'Hm_lvt_b393d153aeb26b46e9431fabaf0f6190=1587004248,1587023233,1587089849,1588498922; PHPSESSID=5b14ieb162njgdg6p363vmsv60',
  'accept-language' => 'zh-CN,zh;q=0.9',
  'accept-encoding' => 'gzip, deflate',
  'referer' => 'http://www.alia.com/public/admin/index/index.html',
  'accept' => 'text/html,application/xhtml+xml,application/xml;q=0.9,image/webp,image/apng,*/*;q=0.8,application/signed-exchange;v=b3',
  'user-agent' => 'Mozilla/5.0 (Windows NT 6.1; Win64; x64) AppleWebKit/537.36 (KHTML, like Gecko) Chrome/76.0.3809.100 Safari/537.36',
  'upgrade-insecure-requests' => '1',
  'connection' => 'close',
  'host' => 'www.alia.com',
)
[ info ] [ PARAM ] array (
)
[ info ] [ SESSION ] INIT array (
  'id' => '',
  'var_session_id' => '',
  'prefix' => 'think',
  'type' => '',
  'auto_start' => true,
)
[ info ] [ RUN ] app\admin\controller\Product->tomorrow[ D:\phpstudy_pro\WWW\www.alia.com\application\admin\controller\Product.php ]
[ info ] [ DB ] INIT mysql
[ info ] [ VIEW ] D:\phpstudy_pro\WWW\www.alia.com\public/../application/admin\view\product\tomorrow.html [ array (
  0 => 'tomorrow',
) ]
[ info ] [ LOG ] INIT File
[ sql ] [ DB ] CONNECT:[ UseTime:0.001000s ] mysql:dbname=alia;host=127.0.0.1;charset=utf8
[ sql ] [ SQL ] SHOW COLUMNS FROM `tp_product` [ RunTime:0.017001s ]
[ sql ] [ SQL ] SELECT COUNT(*) AS tp_count FROM `tp_product` `p` INNER JOIN `tp_cate` `c` ON `c`.`id`=`p`.`c_id` WHERE  `type` = 2 LIMIT 1 [ RunTime:0.002000s ]
[ sql ] [ SQL ] SELECT `p`.*,`c`.`catename` FROM `tp_product` `p` INNER JOIN `tp_cate` `c` ON `c`.`id`=`p`.`c_id` WHERE  `type` = 2 ORDER BY `id`  desc LIMIT 0,5 [ RunTime:0.001000s ]

---------------------------------------------------------------
[ 2020-05-09T16:30:11+08:00 ] 127.0.0.1 127.0.0.1 GET /public/admin/news/index.html
[ log ] www.alia.com/public/admin/news/index.html [运行时间：0.126007s][吞吐率：7.94req/s] [内存消耗：3,133.62kb] [文件加载：58]
[ info ] [ LANG ] D:\phpstudy_pro\WWW\www.alia.com\thinkphp\lang\zh-cn.php
[ info ] [ ROUTE ] array (
  'type' => 'module',
  'module' => 
  array (
    0 => 'admin',
    1 => 'news',
    2 => 'index',
  ),
)
[ info ] [ HEADER ] array (
  'cookie' => 'Hm_lvt_b393d153aeb26b46e9431fabaf0f6190=1587004248,1587023233,1587089849,1588498922; PHPSESSID=5b14ieb162njgdg6p363vmsv60',
  'accept-language' => 'zh-CN,zh;q=0.9',
  'accept-encoding' => 'gzip, deflate',
  'referer' => 'http://www.alia.com/public/admin/index/index.html',
  'accept' => 'text/html,application/xhtml+xml,application/xml;q=0.9,image/webp,image/apng,*/*;q=0.8,application/signed-exchange;v=b3',
  'user-agent' => 'Mozilla/5.0 (Windows NT 6.1; Win64; x64) AppleWebKit/537.36 (KHTML, like Gecko) Chrome/76.0.3809.100 Safari/537.36',
  'upgrade-insecure-requests' => '1',
  'connection' => 'close',
  'host' => 'www.alia.com',
)
[ info ] [ PARAM ] array (
)
[ info ] [ SESSION ] INIT array (
  'id' => '',
  'var_session_id' => '',
  'prefix' => 'think',
  'type' => '',
  'auto_start' => true,
)
[ info ] [ RUN ] app\admin\controller\News->index[ D:\phpstudy_pro\WWW\www.alia.com\application\admin\controller\News.php ]
[ info ] [ DB ] INIT mysql
[ info ] [ VIEW ] D:\phpstudy_pro\WWW\www.alia.com\public/../application/admin\view\news\list.html [ array (
  0 => 'news',
) ]
[ info ] [ LOG ] INIT File
[ sql ] [ DB ] CONNECT:[ UseTime:0.002000s ] mysql:dbname=alia;host=127.0.0.1;charset=utf8
[ sql ] [ SQL ] SHOW COLUMNS FROM `tp_news` [ RunTime:0.042002s ]
[ sql ] [ SQL ] SELECT COUNT(*) AS tp_count FROM `tp_news` `n` INNER JOIN `tp_cate` `c` ON `c`.`id`=`n`.`c_id` LIMIT 1 [ RunTime:0.002000s ]
[ sql ] [ SQL ] SELECT `n`.*,`c`.`catename` FROM `tp_news` `n` INNER JOIN `tp_cate` `c` ON `c`.`id`=`n`.`c_id` LIMIT 0,10 [ RunTime:0.002000s ]

---------------------------------------------------------------
[ 2020-05-09T16:30:11+08:00 ] 127.0.0.1 127.0.0.1 GET /public/admin/system/info.html
[ log ] www.alia.com/public/admin/system/info.html [运行时间：0.101006s][吞吐率：9.90req/s] [内存消耗：2,983.30kb] [文件加载：55]
[ info ] [ LANG ] D:\phpstudy_pro\WWW\www.alia.com\thinkphp\lang\zh-cn.php
[ info ] [ ROUTE ] array (
  'type' => 'module',
  'module' => 
  array (
    0 => 'admin',
    1 => 'system',
    2 => 'info',
  ),
)
[ info ] [ HEADER ] array (
  'cookie' => 'Hm_lvt_b393d153aeb26b46e9431fabaf0f6190=1587004248,1587023233,1587089849,1588498922; PHPSESSID=5b14ieb162njgdg6p363vmsv60',
  'accept-language' => 'zh-CN,zh;q=0.9',
  'accept-encoding' => 'gzip, deflate',
  'referer' => 'http://www.alia.com/public/admin/index/index.html',
  'accept' => 'text/html,application/xhtml+xml,application/xml;q=0.9,image/webp,image/apng,*/*;q=0.8,application/signed-exchange;v=b3',
  'user-agent' => 'Mozilla/5.0 (Windows NT 6.1; Win64; x64) AppleWebKit/537.36 (KHTML, like Gecko) Chrome/76.0.3809.100 Safari/537.36',
  'upgrade-insecure-requests' => '1',
  'connection' => 'close',
  'host' => 'www.alia.com',
)
[ info ] [ PARAM ] array (
)
[ info ] [ SESSION ] INIT array (
  'id' => '',
  'var_session_id' => '',
  'prefix' => 'think',
  'type' => '',
  'auto_start' => true,
)
[ info ] [ RUN ] app\admin\controller\System->info[ D:\phpstudy_pro\WWW\www.alia.com\application\admin\controller\System.php ]
[ info ] [ DB ] INIT mysql
[ info ] [ VIEW ] D:\phpstudy_pro\WWW\www.alia.com\public/../application/admin\view\system\info.html [ array (
  0 => 'admin',
) ]
[ info ] [ LOG ] INIT File
[ sql ] [ DB ] CONNECT:[ UseTime:0.001000s ] mysql:dbname=alia;host=127.0.0.1;charset=utf8
[ sql ] [ SQL ] SHOW COLUMNS FROM `tp_admin` [ RunTime:0.016001s ]
[ sql ] [ SQL ] SELECT * FROM `tp_admin` WHERE  `id` = 1 LIMIT 1 [ RunTime:0.003000s ]

---------------------------------------------------------------
[ 2020-05-09T16:30:11+08:00 ] 127.0.0.1 127.0.0.1 GET /public/admin/system/password.html
[ log ] www.alia.com/public/admin/system/password.html [运行时间：0.058003s][吞吐率：17.24req/s] [内存消耗：2,104.29kb] [文件加载：48]
[ info ] [ LANG ] D:\phpstudy_pro\WWW\www.alia.com\thinkphp\lang\zh-cn.php
[ info ] [ ROUTE ] array (
  'type' => 'module',
  'module' => 
  array (
    0 => 'admin',
    1 => 'system',
    2 => 'password',
  ),
)
[ info ] [ HEADER ] array (
  'cookie' => 'Hm_lvt_b393d153aeb26b46e9431fabaf0f6190=1587004248,1587023233,1587089849,1588498922; PHPSESSID=5b14ieb162njgdg6p363vmsv60',
  'accept-language' => 'zh-CN,zh;q=0.9',
  'accept-encoding' => 'gzip, deflate',
  'referer' => 'http://www.alia.com/public/admin/index/index.html',
  'accept' => 'text/html,application/xhtml+xml,application/xml;q=0.9,image/webp,image/apng,*/*;q=0.8,application/signed-exchange;v=b3',
  'user-agent' => 'Mozilla/5.0 (Windows NT 6.1; Win64; x64) AppleWebKit/537.36 (KHTML, like Gecko) Chrome/76.0.3809.100 Safari/537.36',
  'upgrade-insecure-requests' => '1',
  'connection' => 'close',
  'host' => 'www.alia.com',
)
[ info ] [ PARAM ] array (
)
[ info ] [ SESSION ] INIT array (
  'id' => '',
  'var_session_id' => '',
  'prefix' => 'think',
  'type' => '',
  'auto_start' => true,
)
[ info ] [ RUN ] app\admin\controller\System->password[ D:\phpstudy_pro\WWW\www.alia.com\application\admin\controller\System.php ]
[ info ] [ VIEW ] D:\phpstudy_pro\WWW\www.alia.com\public/../application/admin\view\system\password.html [ array (
) ]
[ info ] [ LOG ] INIT File

---------------------------------------------------------------
[ 2020-05-09T16:30:11+08:00 ] 127.0.0.1 127.0.0.1 GET /public/admin/order/index.html
[ log ] www.alia.com/public/admin/order/index.html [运行时间：0.197011s][吞吐率：5.08req/s] [内存消耗：3,143.70kb] [文件加载：58]
[ info ] [ LANG ] D:\phpstudy_pro\WWW\www.alia.com\thinkphp\lang\zh-cn.php
[ info ] [ ROUTE ] array (
  'type' => 'module',
  'module' => 
  array (
    0 => 'admin',
    1 => 'order',
    2 => 'index',
  ),
)
[ info ] [ HEADER ] array (
  'cookie' => 'Hm_lvt_b393d153aeb26b46e9431fabaf0f6190=1587004248,1587023233,1587089849,1588498922; PHPSESSID=5b14ieb162njgdg6p363vmsv60',
  'accept-language' => 'zh-CN,zh;q=0.9',
  'accept-encoding' => 'gzip, deflate',
  'referer' => 'http://www.alia.com/public/admin/index/index.html',
  'accept' => 'text/html,application/xhtml+xml,application/xml;q=0.9,image/webp,image/apng,*/*;q=0.8,application/signed-exchange;v=b3',
  'user-agent' => 'Mozilla/5.0 (Windows NT 6.1; Win64; x64) AppleWebKit/537.36 (KHTML, like Gecko) Chrome/76.0.3809.100 Safari/537.36',
  'upgrade-insecure-requests' => '1',
  'connection' => 'close',
  'host' => 'www.alia.com',
)
[ info ] [ PARAM ] array (
)
[ info ] [ SESSION ] INIT array (
  'id' => '',
  'var_session_id' => '',
  'prefix' => 'think',
  'type' => '',
  'auto_start' => true,
)
[ info ] [ RUN ] app\admin\controller\Order->index[ D:\phpstudy_pro\WWW\www.alia.com\application\admin\controller\Order.php ]
[ info ] [ DB ] INIT mysql
[ info ] [ VIEW ] D:\phpstudy_pro\WWW\www.alia.com\public/../application/admin\view\order\list.html [ array (
  0 => 'order',
) ]
[ info ] [ LOG ] INIT File
[ sql ] [ DB ] CONNECT:[ UseTime:0.019001s ] mysql:dbname=alia;host=127.0.0.1;charset=utf8
[ sql ] [ SQL ] SHOW COLUMNS FROM `tp_order` [ RunTime:0.027002s ]
[ sql ] [ SQL ] SELECT COUNT(*) AS tp_count FROM `tp_order` `o` INNER JOIN `tp_user` `u` ON `u`.`id`=`o`.`u_id` INNER JOIN `tp_address` `a` ON `a`.`id`=`o`.`add_id` LIMIT 1 [ RunTime:0.042002s ]
[ sql ] [ SQL ] SELECT `o`.*,`u`.`name`,a.name as aname,a.phone as aphone,`a`.`code`,`a`.`province`,`a`.`city`,`a`.`area`,`a`.`address` FROM `tp_order` `o` INNER JOIN `tp_user` `u` ON `u`.`id`=`o`.`u_id` INNER JOIN `tp_address` `a` ON `a`.`id`=`o`.`add_id` LIMIT 0,5 [ RunTime:0.034002s ]

---------------------------------------------------------------
[ 2020-05-09T16:30:11+08:00 ] 127.0.0.1 127.0.0.1 GET /public/admin/user/index.html
[ log ] www.alia.com/public/admin/user/index.html [运行时间：0.120006s][吞吐率：8.33req/s] [内存消耗：3,162.20kb] [文件加载：58]
[ info ] [ LANG ] D:\phpstudy_pro\WWW\www.alia.com\thinkphp\lang\zh-cn.php
[ info ] [ ROUTE ] array (
  'type' => 'module',
  'module' => 
  array (
    0 => 'admin',
    1 => 'user',
    2 => 'index',
  ),
)
[ info ] [ HEADER ] array (
  'cookie' => 'Hm_lvt_b393d153aeb26b46e9431fabaf0f6190=1587004248,1587023233,1587089849,1588498922; PHPSESSID=5b14ieb162njgdg6p363vmsv60',
  'accept-language' => 'zh-CN,zh;q=0.9',
  'accept-encoding' => 'gzip, deflate',
  'referer' => 'http://www.alia.com/public/admin/index/index.html',
  'accept' => 'text/html,application/xhtml+xml,application/xml;q=0.9,image/webp,image/apng,*/*;q=0.8,application/signed-exchange;v=b3',
  'user-agent' => 'Mozilla/5.0 (Windows NT 6.1; Win64; x64) AppleWebKit/537.36 (KHTML, like Gecko) Chrome/76.0.3809.100 Safari/537.36',
  'upgrade-insecure-requests' => '1',
  'connection' => 'close',
  'host' => 'www.alia.com',
)
[ info ] [ PARAM ] array (
)
[ info ] [ SESSION ] INIT array (
  'id' => '',
  'var_session_id' => '',
  'prefix' => 'think',
  'type' => '',
  'auto_start' => true,
)
[ info ] [ RUN ] app\admin\controller\User->index[ D:\phpstudy_pro\WWW\www.alia.com\application\admin\controller\User.php ]
[ info ] [ DB ] INIT mysql
[ info ] [ VIEW ] D:\phpstudy_pro\WWW\www.alia.com\public/../application/admin\view\user\list.html [ array (
  0 => 'user',
) ]
[ info ] [ LOG ] INIT File
[ sql ] [ DB ] CONNECT:[ UseTime:0.018001s ] mysql:dbname=alia;host=127.0.0.1;charset=utf8
[ sql ] [ SQL ] SHOW COLUMNS FROM `tp_user` [ RunTime:0.012001s ]
[ sql ] [ SQL ] SELECT COUNT(*) AS tp_count FROM `tp_user` LIMIT 1 [ RunTime:0.001000s ]
[ sql ] [ SQL ] SELECT * FROM `tp_user` ORDER BY `id`  desc LIMIT 0,5 [ RunTime:0.001000s ]

---------------------------------------------------------------
[ 2020-05-09T16:30:12+08:00 ] 127.0.0.1 127.0.0.1 GET /public/admin/banner/banner.html
[ log ] www.alia.com/public/admin/banner/banner.html [运行时间：0.143008s][吞吐率：6.99req/s] [内存消耗：2,991.69kb] [文件加载：55]
[ info ] [ LANG ] D:\phpstudy_pro\WWW\www.alia.com\thinkphp\lang\zh-cn.php
[ info ] [ ROUTE ] array (
  'type' => 'module',
  'module' => 
  array (
    0 => 'admin',
    1 => 'banner',
    2 => 'banner',
  ),
)
[ info ] [ HEADER ] array (
  'cookie' => 'Hm_lvt_b393d153aeb26b46e9431fabaf0f6190=1587004248,1587023233,1587089849,1588498922; PHPSESSID=5b14ieb162njgdg6p363vmsv60',
  'accept-language' => 'zh-CN,zh;q=0.9',
  'accept-encoding' => 'gzip, deflate',
  'referer' => 'http://www.alia.com/public/admin/index/index.html',
  'accept' => 'text/html,application/xhtml+xml,application/xml;q=0.9,image/webp,image/apng,*/*;q=0.8,application/signed-exchange;v=b3',
  'user-agent' => 'Mozilla/5.0 (Windows NT 6.1; Win64; x64) AppleWebKit/537.36 (KHTML, like Gecko) Chrome/76.0.3809.100 Safari/537.36',
  'upgrade-insecure-requests' => '1',
  'connection' => 'close',
  'host' => 'www.alia.com',
)
[ info ] [ PARAM ] array (
)
[ info ] [ SESSION ] INIT array (
  'id' => '',
  'var_session_id' => '',
  'prefix' => 'think',
  'type' => '',
  'auto_start' => true,
)
[ info ] [ RUN ] app\admin\controller\Banner->banner[ D:\phpstudy_pro\WWW\www.alia.com\application\admin\controller\Banner.php ]
[ info ] [ DB ] INIT mysql
[ info ] [ VIEW ] D:\phpstudy_pro\WWW\www.alia.com\public/../application/admin\view\banner\banner.html [ array (
  0 => 'banner',
) ]
[ info ] [ LOG ] INIT File
[ sql ] [ DB ] CONNECT:[ UseTime:0.013001s ] mysql:dbname=alia;host=127.0.0.1;charset=utf8
[ sql ] [ SQL ] SHOW COLUMNS FROM `tp_banner` [ RunTime:0.031002s ]
[ sql ] [ SQL ] SELECT * FROM `tp_banner` [ RunTime:0.001000s ]

---------------------------------------------------------------
[ 2020-05-09T16:30:12+08:00 ] 127.0.0.1 127.0.0.1 GET /public/admin/cate/index.html
[ log ] www.alia.com/public/admin/cate/index.html [运行时间：0.115007s][吞吐率：8.70req/s] [内存消耗：3,035.29kb] [文件加载：55]
[ info ] [ LANG ] D:\phpstudy_pro\WWW\www.alia.com\thinkphp\lang\zh-cn.php
[ info ] [ ROUTE ] array (
  'type' => 'module',
  'module' => 
  array (
    0 => 'admin',
    1 => 'cate',
    2 => 'index',
  ),
)
[ info ] [ HEADER ] array (
  'cookie' => 'Hm_lvt_b393d153aeb26b46e9431fabaf0f6190=1587004248,1587023233,1587089849,1588498922; PHPSESSID=5b14ieb162njgdg6p363vmsv60',
  'accept-language' => 'zh-CN,zh;q=0.9',
  'accept-encoding' => 'gzip, deflate',
  'referer' => 'http://www.alia.com/public/admin/index/index.html',
  'accept' => 'text/html,application/xhtml+xml,application/xml;q=0.9,image/webp,image/apng,*/*;q=0.8,application/signed-exchange;v=b3',
  'user-agent' => 'Mozilla/5.0 (Windows NT 6.1; Win64; x64) AppleWebKit/537.36 (KHTML, like Gecko) Chrome/76.0.3809.100 Safari/537.36',
  'upgrade-insecure-requests' => '1',
  'connection' => 'close',
  'host' => 'www.alia.com',
)
[ info ] [ PARAM ] array (
)
[ info ] [ SESSION ] INIT array (
  'id' => '',
  'var_session_id' => '',
  'prefix' => 'think',
  'type' => '',
  'auto_start' => true,
)
[ info ] [ RUN ] app\admin\controller\Cate->index[ D:\phpstudy_pro\WWW\www.alia.com\application\admin\controller\Cate.php ]
[ info ] [ DB ] INIT mysql
[ info ] [ DB ] INIT mysql
[ info ] [ VIEW ] D:\phpstudy_pro\WWW\www.alia.com\public/../application/admin\view\cate\list.html [ array (
  0 => 'onelevel',
  1 => 'twolevel',
) ]
[ info ] [ LOG ] INIT File
[ sql ] [ DB ] CONNECT:[ UseTime:0.002000s ] mysql:dbname=alia;host=127.0.0.1;charset=utf8
[ sql ] [ SQL ] SHOW COLUMNS FROM `tp_cate` [ RunTime:0.012001s ]
[ sql ] [ SQL ] SELECT * FROM `tp_cate` WHERE  (  level = 1 ) ORDER BY scort ASC [ RunTime:0.000000s ]
[ sql ] [ DB ] CONNECT:[ UseTime:0.001000s ] mysql:dbname=alia;host=127.0.0.1;charset=utf8
[ sql ] [ SQL ] SELECT * FROM `tp_cate` WHERE  (  level = 2 ) ORDER BY scort ASC [ RunTime:0.001000s ]

---------------------------------------------------------------
[ 2020-05-09T16:30:12+08:00 ] 127.0.0.1 127.0.0.1 GET /public/admin/banner/index.html
[ log ] www.alia.com/public/admin/banner/index.html [运行时间：0.111006s][吞吐率：9.01req/s] [内存消耗：3,152.13kb] [文件加载：58]
[ info ] [ LANG ] D:\phpstudy_pro\WWW\www.alia.com\thinkphp\lang\zh-cn.php
[ info ] [ ROUTE ] array (
  'type' => 'module',
  'module' => 
  array (
    0 => 'admin',
    1 => 'banner',
    2 => 'index',
  ),
)
[ info ] [ HEADER ] array (
  'cookie' => 'Hm_lvt_b393d153aeb26b46e9431fabaf0f6190=1587004248,1587023233,1587089849,1588498922; PHPSESSID=5b14ieb162njgdg6p363vmsv60',
  'accept-language' => 'zh-CN,zh;q=0.9',
  'accept-encoding' => 'gzip, deflate',
  'referer' => 'http://www.alia.com/public/admin/index/index.html',
  'accept' => 'text/html,application/xhtml+xml,application/xml;q=0.9,image/webp,image/apng,*/*;q=0.8,application/signed-exchange;v=b3',
  'user-agent' => 'Mozilla/5.0 (Windows NT 6.1; Win64; x64) AppleWebKit/537.36 (KHTML, like Gecko) Chrome/76.0.3809.100 Safari/537.36',
  'upgrade-insecure-requests' => '1',
  'connection' => 'close',
  'host' => 'www.alia.com',
)
[ info ] [ PARAM ] array (
)
[ info ] [ SESSION ] INIT array (
  'id' => '',
  'var_session_id' => '',
  'prefix' => 'think',
  'type' => '',
  'auto_start' => true,
)
[ info ] [ RUN ] app\admin\controller\Banner->index[ D:\phpstudy_pro\WWW\www.alia.com\application\admin\controller\Banner.php ]
[ info ] [ DB ] INIT mysql
[ info ] [ VIEW ] D:\phpstudy_pro\WWW\www.alia.com\public/../application/admin\view\banner\list.html [ array (
  0 => 'banner',
) ]
[ info ] [ LOG ] INIT File
[ sql ] [ DB ] CONNECT:[ UseTime:0.006000s ] mysql:dbname=alia;host=127.0.0.1;charset=utf8
[ sql ] [ SQL ] SHOW COLUMNS FROM `tp_banner` [ RunTime:0.017001s ]
[ sql ] [ SQL ] SELECT COUNT(*) AS tp_count FROM `tp_banner` `b` INNER JOIN `tp_product` `p` ON `p`.`id`=`b`.`p_id` LIMIT 1 [ RunTime:0.001000s ]
[ sql ] [ SQL ] SELECT `b`.*,`p`.`name` FROM `tp_banner` `b` INNER JOIN `tp_product` `p` ON `p`.`id`=`b`.`p_id` LIMIT 0,8 [ RunTime:0.002000s ]

---------------------------------------------------------------
[ 2020-05-09T16:30:53+08:00 ] 127.0.0.1 127.0.0.1 GET /public/admin/index/index.html
[ log ] www.alia.com/public/admin/index/index.html [运行时间：0.047003s][吞吐率：21.28req/s] [内存消耗：2,106.19kb] [文件加载：48]
[ info ] [ LANG ] D:\phpstudy_pro\WWW\www.alia.com\thinkphp\lang\zh-cn.php
[ info ] [ ROUTE ] array (
  'type' => 'module',
  'module' => 
  array (
    0 => 'admin',
    1 => 'index',
    2 => 'index',
  ),
)
[ info ] [ HEADER ] array (
  'cookie' => 'Hm_lvt_b393d153aeb26b46e9431fabaf0f6190=1587004248,1587023233,1587089849,1588498922; PHPSESSID=5b14ieb162njgdg6p363vmsv60',
  'accept-language' => 'zh-CN,zh;q=0.9',
  'accept-encoding' => 'gzip, deflate',
  'referer' => 'http://www.alia.com/public/admin/login/index.html',
  'accept' => 'text/html,application/xhtml+xml,application/xml;q=0.9,image/webp,image/apng,*/*;q=0.8,application/signed-exchange;v=b3',
  'user-agent' => 'Mozilla/5.0 (Windows NT 6.1; Win64; x64) AppleWebKit/537.36 (KHTML, like Gecko) Chrome/76.0.3809.100 Safari/537.36',
  'upgrade-insecure-requests' => '1',
  'cache-control' => 'max-age=0',
  'connection' => 'close',
  'host' => 'www.alia.com',
)
[ info ] [ PARAM ] array (
)
[ info ] [ SESSION ] INIT array (
  'id' => '',
  'var_session_id' => '',
  'prefix' => 'think',
  'type' => '',
  'auto_start' => true,
)
[ info ] [ RUN ] app\admin\controller\Index->index[ D:\phpstudy_pro\WWW\www.alia.com\application\admin\controller\Index.php ]
[ info ] [ VIEW ] D:\phpstudy_pro\WWW\www.alia.com\public/../application/admin\view\index\index.html [ array (
) ]
[ info ] [ LOG ] INIT File

---------------------------------------------------------------
[ 2020-05-09T16:30:53+08:00 ] 127.0.0.1 127.0.0.1 GET /public/admin/index/main.html
[ log ] www.alia.com/public/admin/index/main.html [运行时间：0.136008s][吞吐率：7.35req/s] [内存消耗：3,365.16kb] [文件加载：59]
[ info ] [ LANG ] D:\phpstudy_pro\WWW\www.alia.com\thinkphp\lang\zh-cn.php
[ info ] [ ROUTE ] array (
  'type' => 'module',
  'module' => 
  array (
    0 => 'admin',
    1 => 'index',
    2 => 'main',
  ),
)
[ info ] [ HEADER ] array (
  'cookie' => 'Hm_lvt_b393d153aeb26b46e9431fabaf0f6190=1587004248,1587023233,1587089849,1588498922; PHPSESSID=5b14ieb162njgdg6p363vmsv60',
  'accept-language' => 'zh-CN,zh;q=0.9',
  'accept-encoding' => 'gzip, deflate',
  'referer' => 'http://www.alia.com/public/admin/index/index.html',
  'accept' => 'text/html,application/xhtml+xml,application/xml;q=0.9,image/webp,image/apng,*/*;q=0.8,application/signed-exchange;v=b3',
  'user-agent' => 'Mozilla/5.0 (Windows NT 6.1; Win64; x64) AppleWebKit/537.36 (KHTML, like Gecko) Chrome/76.0.3809.100 Safari/537.36',
  'upgrade-insecure-requests' => '1',
  'connection' => 'close',
  'host' => 'www.alia.com',
)
[ info ] [ PARAM ] array (
)
[ info ] [ SESSION ] INIT array (
  'id' => '',
  'var_session_id' => '',
  'prefix' => 'think',
  'type' => '',
  'auto_start' => true,
)
[ info ] [ RUN ] app\admin\controller\Index->main[ D:\phpstudy_pro\WWW\www.alia.com\application\admin\controller\Index.php ]
[ info ] [ DB ] INIT mysql
[ info ] [ DB ] INIT mysql
[ info ] [ DB ] INIT mysql
[ info ] [ DB ] INIT mysql
[ info ] [ DB ] INIT mysql
[ info ] [ VIEW ] D:\phpstudy_pro\WWW\www.alia.com\public/../application/admin\view\index\main.html [ array (
  0 => 'adminInfo',
  1 => 'userNum',
  2 => 'productNum',
  3 => 'productClick',
  4 => 'orderNum',
  5 => 'admin',
) ]
[ info ] [ LOG ] INIT File
[ sql ] [ DB ] CONNECT:[ UseTime:0.011001s ] mysql:dbname=alia;host=127.0.0.1;charset=utf8
[ sql ] [ SQL ] SHOW COLUMNS FROM `tp_user` [ RunTime:0.016001s ]
[ sql ] [ SQL ] SELECT COUNT(*) AS tp_count FROM `tp_user` LIMIT 1 [ RunTime:0.003000s ]
[ sql ] [ DB ] CONNECT:[ UseTime:0.002000s ] mysql:dbname=alia;host=127.0.0.1;charset=utf8
[ sql ] [ SQL ] SHOW COLUMNS FROM `tp_product` [ RunTime:0.014001s ]
[ sql ] [ SQL ] SELECT COUNT(name) AS tp_count FROM `tp_product` LIMIT 1 [ RunTime:0.001000s ]
[ sql ] [ DB ] CONNECT:[ UseTime:0.002000s ] mysql:dbname=alia;host=127.0.0.1;charset=utf8
[ sql ] [ SQL ] SELECT SUM(click) AS tp_sum FROM `tp_product` LIMIT 1 [ RunTime:0.000000s ]
[ sql ] [ DB ] CONNECT:[ UseTime:0.001000s ] mysql:dbname=alia;host=127.0.0.1;charset=utf8
[ sql ] [ SQL ] SHOW COLUMNS FROM `tp_order` [ RunTime:0.010001s ]
[ sql ] [ SQL ] SELECT COUNT(*) AS tp_count FROM `tp_order` LIMIT 1 [ RunTime:0.001000s ]
[ sql ] [ DB ] CONNECT:[ UseTime:0.001000s ] mysql:dbname=alia;host=127.0.0.1;charset=utf8
[ sql ] [ SQL ] SHOW COLUMNS FROM `tp_admin` [ RunTime:0.009001s ]
[ sql ] [ SQL ] SELECT COUNT(*) AS tp_count FROM `tp_admin` WHERE  `status` = 1 LIMIT 1 [ RunTime:0.002000s ]
[ sql ] [ SQL ] SELECT * FROM `tp_admin` WHERE  `status` = 1 LIMIT 0,6 [ RunTime:0.001000s ]

---------------------------------------------------------------
[ 2020-05-09T16:31:16+08:00 ] 127.0.0.1 127.0.0.1 GET /public/admin/index/index.html
[ log ] www.alia.com/public/admin/index/index.html [运行时间：0.049002s][吞吐率：20.41req/s] [内存消耗：2,106.19kb] [文件加载：48]
[ info ] [ LANG ] D:\phpstudy_pro\WWW\www.alia.com\thinkphp\lang\zh-cn.php
[ info ] [ ROUTE ] array (
  'type' => 'module',
  'module' => 
  array (
    0 => 'admin',
    1 => 'index',
    2 => 'index',
  ),
)
[ info ] [ HEADER ] array (
  'cookie' => 'Hm_lvt_b393d153aeb26b46e9431fabaf0f6190=1587004248,1587023233,1587089849,1588498922; PHPSESSID=5b14ieb162njgdg6p363vmsv60',
  'accept-language' => 'zh-CN,zh;q=0.9',
  'accept-encoding' => 'gzip, deflate',
  'referer' => 'http://www.alia.com/public/admin/login/index.html',
  'accept' => 'text/html,application/xhtml+xml,application/xml;q=0.9,image/webp,image/apng,*/*;q=0.8,application/signed-exchange;v=b3',
  'user-agent' => 'Mozilla/5.0 (Windows NT 6.1; Win64; x64) AppleWebKit/537.36 (KHTML, like Gecko) Chrome/76.0.3809.100 Safari/537.36',
  'upgrade-insecure-requests' => '1',
  'cache-control' => 'max-age=0',
  'connection' => 'close',
  'host' => 'www.alia.com',
)
[ info ] [ PARAM ] array (
)
[ info ] [ SESSION ] INIT array (
  'id' => '',
  'var_session_id' => '',
  'prefix' => 'think',
  'type' => '',
  'auto_start' => true,
)
[ info ] [ RUN ] app\admin\controller\Index->index[ D:\phpstudy_pro\WWW\www.alia.com\application\admin\controller\Index.php ]
[ info ] [ VIEW ] D:\phpstudy_pro\WWW\www.alia.com\public/../application/admin\view\index\index.html [ array (
) ]
[ info ] [ LOG ] INIT File

---------------------------------------------------------------
[ 2020-05-09T16:31:16+08:00 ] 127.0.0.1 127.0.0.1 GET /public/admin/index/main.html
[ log ] www.alia.com/public/admin/index/main.html [运行时间：0.142008s][吞吐率：7.04req/s] [内存消耗：3,365.12kb] [文件加载：59]
[ info ] [ LANG ] D:\phpstudy_pro\WWW\www.alia.com\thinkphp\lang\zh-cn.php
[ info ] [ ROUTE ] array (
  'type' => 'module',
  'module' => 
  array (
    0 => 'admin',
    1 => 'index',
    2 => 'main',
  ),
)
[ info ] [ HEADER ] array (
  'cookie' => 'Hm_lvt_b393d153aeb26b46e9431fabaf0f6190=1587004248,1587023233,1587089849,1588498922; PHPSESSID=5b14ieb162njgdg6p363vmsv60',
  'accept-language' => 'zh-CN,zh;q=0.9',
  'accept-encoding' => 'gzip, deflate',
  'referer' => 'http://www.alia.com/public/admin/index/index.html',
  'accept' => 'text/html,application/xhtml+xml,application/xml;q=0.9,image/webp,image/apng,*/*;q=0.8,application/signed-exchange;v=b3',
  'user-agent' => 'Mozilla/5.0 (Windows NT 6.1; Win64; x64) AppleWebKit/537.36 (KHTML, like Gecko) Chrome/76.0.3809.100 Safari/537.36',
  'upgrade-insecure-requests' => '1',
  'connection' => 'close',
  'host' => 'www.alia.com',
)
[ info ] [ PARAM ] array (
)
[ info ] [ SESSION ] INIT array (
  'id' => '',
  'var_session_id' => '',
  'prefix' => 'think',
  'type' => '',
  'auto_start' => true,
)
[ info ] [ RUN ] app\admin\controller\Index->main[ D:\phpstudy_pro\WWW\www.alia.com\application\admin\controller\Index.php ]
[ info ] [ DB ] INIT mysql
[ info ] [ DB ] INIT mysql
[ info ] [ DB ] INIT mysql
[ info ] [ DB ] INIT mysql
[ info ] [ DB ] INIT mysql
[ info ] [ VIEW ] D:\phpstudy_pro\WWW\www.alia.com\public/../application/admin\view\index\main.html [ array (
  0 => 'adminInfo',
  1 => 'userNum',
  2 => 'productNum',
  3 => 'productClick',
  4 => 'orderNum',
  5 => 'admin',
) ]
[ info ] [ LOG ] INIT File
[ sql ] [ DB ] CONNECT:[ UseTime:0.001000s ] mysql:dbname=alia;host=127.0.0.1;charset=utf8
[ sql ] [ SQL ] SHOW COLUMNS FROM `tp_user` [ RunTime:0.014001s ]
[ sql ] [ SQL ] SELECT COUNT(*) AS tp_count FROM `tp_user` LIMIT 1 [ RunTime:0.001000s ]
[ sql ] [ DB ] CONNECT:[ UseTime:0.002000s ] mysql:dbname=alia;host=127.0.0.1;charset=utf8
[ sql ] [ SQL ] SHOW COLUMNS FROM `tp_product` [ RunTime:0.016001s ]
[ sql ] [ SQL ] SELECT COUNT(name) AS tp_count FROM `tp_product` LIMIT 1 [ RunTime:0.001000s ]
[ sql ] [ DB ] CONNECT:[ UseTime:0.001000s ] mysql:dbname=alia;host=127.0.0.1;charset=utf8
[ sql ] [ SQL ] SELECT SUM(click) AS tp_sum FROM `tp_product` LIMIT 1 [ RunTime:0.000000s ]
[ sql ] [ DB ] CONNECT:[ UseTime:0.001000s ] mysql:dbname=alia;host=127.0.0.1;charset=utf8
[ sql ] [ SQL ] SHOW COLUMNS FROM `tp_order` [ RunTime:0.012001s ]
[ sql ] [ SQL ] SELECT COUNT(*) AS tp_count FROM `tp_order` LIMIT 1 [ RunTime:0.002000s ]
[ sql ] [ DB ] CONNECT:[ UseTime:0.001000s ] mysql:dbname=alia;host=127.0.0.1;charset=utf8
[ sql ] [ SQL ] SHOW COLUMNS FROM `tp_admin` [ RunTime:0.011001s ]
[ sql ] [ SQL ] SELECT COUNT(*) AS tp_count FROM `tp_admin` WHERE  `status` = 1 LIMIT 1 [ RunTime:0.001000s ]
[ sql ] [ SQL ] SELECT * FROM `tp_admin` WHERE  `status` = 1 LIMIT 0,6 [ RunTime:0.000000s ]

---------------------------------------------------------------
[ 2020-05-09T16:31:25+08:00 ] 127.0.0.1 127.0.0.1 GET /public/admin/index/index.html
[ log ] www.alia.com/public/admin/index/index.html [运行时间：0.044003s][吞吐率：22.73req/s] [内存消耗：2,111.12kb] [文件加载：49]
[ info ] [ LANG ] D:\phpstudy_pro\WWW\www.alia.com\thinkphp\lang\zh-cn.php
[ info ] [ ROUTE ] array (
  'type' => 'module',
  'module' => 
  array (
    0 => 'admin',
    1 => 'index',
    2 => 'index',
  ),
)
[ info ] [ HEADER ] array (
  'cookie' => 'Hm_lvt_b393d153aeb26b46e9431fabaf0f6190=1587004248,1587023233,1587089849,1588498922',
  'accept-language' => 'zh-CN,zh;q=0.9',
  'accept-encoding' => 'gzip, deflate',
  'referer' => 'http://www.alia.com/public/admin/login/index.html',
  'accept' => 'text/html,application/xhtml+xml,application/xml;q=0.9,image/webp,image/apng,*/*;q=0.8,application/signed-exchange;v=b3',
  'user-agent' => 'Mozilla/5.0 (Windows NT 6.1; Win64; x64) AppleWebKit/537.36 (KHTML, like Gecko) Chrome/76.0.3809.100 Safari/537.36',
  'upgrade-insecure-requests' => '1',
  'cache-control' => 'max-age=0',
  'connection' => 'close',
  'host' => 'www.alia.com',
)
[ info ] [ PARAM ] array (
)
[ info ] [ SESSION ] INIT array (
  'id' => '',
  'var_session_id' => '',
  'prefix' => 'think',
  'type' => '',
  'auto_start' => true,
)
[ info ] [ VIEW ] D:\phpstudy_pro\WWW\www.alia.com\thinkphp\tpl\dispatch_jump.tpl [ array (
  0 => 'code',
  1 => 'msg',
  2 => 'data',
  3 => 'url',
  4 => 'wait',
) ]
[ info ] [ LOG ] INIT File

---------------------------------------------------------------
[ 2020-05-09T16:31:26+08:00 ] 127.0.0.1 127.0.0.1 GET /public/admin/login/index.html
[ log ] www.alia.com/public/admin/login/index.html [运行时间：0.041002s][吞吐率：24.39req/s] [内存消耗：2,095.23kb] [文件加载：47]
[ info ] [ LANG ] D:\phpstudy_pro\WWW\www.alia.com\thinkphp\lang\zh-cn.php
[ info ] [ ROUTE ] array (
  'type' => 'module',
  'module' => 
  array (
    0 => 'admin',
    1 => 'login',
    2 => 'index',
  ),
)
[ info ] [ HEADER ] array (
  'cookie' => 'Hm_lvt_b393d153aeb26b46e9431fabaf0f6190=1587004248,1587023233,1587089849,1588498922; PHPSESSID=j7lk85er565mdc8qqibrs739j1',
  'accept-language' => 'zh-CN,zh;q=0.9',
  'accept-encoding' => 'gzip, deflate',
  'referer' => 'http://www.alia.com/public/admin/index/index.html',
  'accept' => 'text/html,application/xhtml+xml,application/xml;q=0.9,image/webp,image/apng,*/*;q=0.8,application/signed-exchange;v=b3',
  'user-agent' => 'Mozilla/5.0 (Windows NT 6.1; Win64; x64) AppleWebKit/537.36 (KHTML, like Gecko) Chrome/76.0.3809.100 Safari/537.36',
  'upgrade-insecure-requests' => '1',
  'connection' => 'close',
  'host' => 'www.alia.com',
)
[ info ] [ PARAM ] array (
)
[ info ] [ RUN ] app\admin\controller\Login->index[ D:\phpstudy_pro\WWW\www.alia.com\application\admin\controller\Login.php ]
[ info ] [ VIEW ] D:\phpstudy_pro\WWW\www.alia.com\public/../application/admin\view\login\index.html [ array (
) ]
[ info ] [ LOG ] INIT File

---------------------------------------------------------------
[ 2020-05-09T16:31:31+08:00 ] 127.0.0.1 127.0.0.1 POST /public/admin/login/check.html
[ log ] www.alia.com/public/admin/login/check.html [运行时间：0.056003s][吞吐率：17.86req/s] [内存消耗：2,914.11kb] [文件加载：53]
[ info ] [ LANG ] D:\phpstudy_pro\WWW\www.alia.com\thinkphp\lang\zh-cn.php
[ info ] [ ROUTE ] array (
  'type' => 'module',
  'module' => 
  array (
    0 => 'admin',
    1 => 'login',
    2 => 'check',
  ),
)
[ info ] [ HEADER ] array (
  'cookie' => 'Hm_lvt_b393d153aeb26b46e9431fabaf0f6190=1587004248,1587023233,1587089849,1588498922; PHPSESSID=j7lk85er565mdc8qqibrs739j1',
  'accept-language' => 'zh-CN,zh;q=0.9',
  'accept-encoding' => 'gzip, deflate',
  'referer' => 'http://www.alia.com/public/admin/login/index.html',
  'content-type' => 'application/x-www-form-urlencoded; charset=UTF-8',
  'user-agent' => 'Mozilla/5.0 (Windows NT 6.1; Win64; x64) AppleWebKit/537.36 (KHTML, like Gecko) Chrome/76.0.3809.100 Safari/537.36',
  'x-requested-with' => 'XMLHttpRequest',
  'origin' => 'http://www.alia.com',
  'accept' => 'application/json, text/javascript, */*; q=0.01',
  'content-length' => '29',
  'connection' => 'close',
  'host' => 'www.alia.com',
)
[ info ] [ PARAM ] array (
  'username' => 'admin',
  'password' => 'admin',
)
[ info ] [ RUN ] app\admin\controller\Login->check[ D:\phpstudy_pro\WWW\www.alia.com\application\admin\controller\Login.php ]
[ info ] [ DB ] INIT mysql
[ info ] [ SESSION ] INIT array (
  'id' => '',
  'var_session_id' => '',
  'prefix' => 'think',
  'type' => '',
  'auto_start' => true,
)
[ info ] [ LOG ] INIT File
[ sql ] [ DB ] CONNECT:[ UseTime:0.001000s ] mysql:dbname=alia;host=127.0.0.1;charset=utf8
[ sql ] [ SQL ] SHOW COLUMNS FROM `tp_admin` [ RunTime:0.009001s ]
[ sql ] [ SQL ] SELECT * FROM `tp_admin` WHERE  `username` = 'admin' LIMIT 1 [ RunTime:0.001000s ]

---------------------------------------------------------------
[ 2020-05-09T16:31:32+08:00 ] 127.0.0.1 127.0.0.1 GET /public/admin/index/index.html
[ log ] www.alia.com/public/admin/index/index.html [运行时间：0.042002s][吞吐率：23.81req/s] [内存消耗：2,105.71kb] [文件加载：48]
[ info ] [ LANG ] D:\phpstudy_pro\WWW\www.alia.com\thinkphp\lang\zh-cn.php
[ info ] [ ROUTE ] array (
  'type' => 'module',
  'module' => 
  array (
    0 => 'admin',
    1 => 'index',
    2 => 'index',
  ),
)
[ info ] [ HEADER ] array (
  'cookie' => 'Hm_lvt_b393d153aeb26b46e9431fabaf0f6190=1587004248,1587023233,1587089849,1588498922; PHPSESSID=j7lk85er565mdc8qqibrs739j1',
  'accept-language' => 'zh-CN,zh;q=0.9',
  'accept-encoding' => 'gzip, deflate',
  'referer' => 'http://www.alia.com/public/admin/login/index.html',
  'accept' => 'text/html,application/xhtml+xml,application/xml;q=0.9,image/webp,image/apng,*/*;q=0.8,application/signed-exchange;v=b3',
  'user-agent' => 'Mozilla/5.0 (Windows NT 6.1; Win64; x64) AppleWebKit/537.36 (KHTML, like Gecko) Chrome/76.0.3809.100 Safari/537.36',
  'upgrade-insecure-requests' => '1',
  'connection' => 'close',
  'host' => 'www.alia.com',
)
[ info ] [ PARAM ] array (
)
[ info ] [ SESSION ] INIT array (
  'id' => '',
  'var_session_id' => '',
  'prefix' => 'think',
  'type' => '',
  'auto_start' => true,
)
[ info ] [ RUN ] app\admin\controller\Index->index[ D:\phpstudy_pro\WWW\www.alia.com\application\admin\controller\Index.php ]
[ info ] [ VIEW ] D:\phpstudy_pro\WWW\www.alia.com\public/../application/admin\view\index\index.html [ array (
) ]
[ info ] [ LOG ] INIT File

---------------------------------------------------------------
[ 2020-05-09T16:31:33+08:00 ] 127.0.0.1 127.0.0.1 GET /public/admin/index/main.html
[ log ] www.alia.com/public/admin/index/main.html [运行时间：0.197012s][吞吐率：5.08req/s] [内存消耗：3,166.43kb] [文件加载：57]
[ info ] [ LANG ] D:\phpstudy_pro\WWW\www.alia.com\thinkphp\lang\zh-cn.php
[ info ] [ ROUTE ] array (
  'type' => 'module',
  'module' => 
  array (
    0 => 'admin',
    1 => 'index',
    2 => 'main',
  ),
)
[ info ] [ HEADER ] array (
  'cookie' => 'Hm_lvt_b393d153aeb26b46e9431fabaf0f6190=1587004248,1587023233,1587089849,1588498922; PHPSESSID=j7lk85er565mdc8qqibrs739j1',
  'accept-language' => 'zh-CN,zh;q=0.9',
  'accept-encoding' => 'gzip, deflate',
  'referer' => 'http://www.alia.com/public/admin/index/index.html',
  'accept' => 'text/html,application/xhtml+xml,application/xml;q=0.9,image/webp,image/apng,*/*;q=0.8,application/signed-exchange;v=b3',
  'user-agent' => 'Mozilla/5.0 (Windows NT 6.1; Win64; x64) AppleWebKit/537.36 (KHTML, like Gecko) Chrome/76.0.3809.100 Safari/537.36',
  'upgrade-insecure-requests' => '1',
  'connection' => 'close',
  'host' => 'www.alia.com',
)
[ info ] [ PARAM ] array (
)
[ info ] [ SESSION ] INIT array (
  'id' => '',
  'var_session_id' => '',
  'prefix' => 'think',
  'type' => '',
  'auto_start' => true,
)
[ info ] [ RUN ] app\admin\controller\Index->main[ D:\phpstudy_pro\WWW\www.alia.com\application\admin\controller\Index.php ]
[ info ] [ DB ] INIT mysql
[ info ] [ DB ] INIT mysql
[ info ] [ DB ] INIT mysql
[ info ] [ DB ] INIT mysql
[ info ] [ DB ] INIT mysql
[ info ] [ VIEW ] D:\phpstudy_pro\WWW\www.alia.com\public/../application/admin\view\index\main.html [ array (
  0 => 'adminInfo',
  1 => 'userNum',
  2 => 'productNum',
  3 => 'productClick',
  4 => 'orderNum',
  5 => 'admin',
) ]
[ info ] [ LOG ] INIT File
[ sql ] [ DB ] CONNECT:[ UseTime:0.002000s ] mysql:dbname=alia;host=127.0.0.1;charset=utf8
[ sql ] [ SQL ] SHOW COLUMNS FROM `tp_user` [ RunTime:0.021001s ]
[ sql ] [ SQL ] SELECT COUNT(*) AS tp_count FROM `tp_user` LIMIT 1 [ RunTime:0.002000s ]
[ sql ] [ DB ] CONNECT:[ UseTime:0.002001s ] mysql:dbname=alia;host=127.0.0.1;charset=utf8
[ sql ] [ SQL ] SHOW COLUMNS FROM `tp_product` [ RunTime:0.021001s ]
[ sql ] [ SQL ] SELECT COUNT(name) AS tp_count FROM `tp_product` LIMIT 1 [ RunTime:0.007000s ]
[ sql ] [ DB ] CONNECT:[ UseTime:0.003000s ] mysql:dbname=alia;host=127.0.0.1;charset=utf8
[ sql ] [ SQL ] SELECT SUM(click) AS tp_sum FROM `tp_product` LIMIT 1 [ RunTime:0.003001s ]
[ sql ] [ DB ] CONNECT:[ UseTime:0.001000s ] mysql:dbname=alia;host=127.0.0.1;charset=utf8
[ sql ] [ SQL ] SHOW COLUMNS FROM `tp_order` [ RunTime:0.014000s ]
[ sql ] [ SQL ] SELECT COUNT(*) AS tp_count FROM `tp_order` LIMIT 1 [ RunTime:0.000000s ]
[ sql ] [ DB ] CONNECT:[ UseTime:0.007000s ] mysql:dbname=alia;host=127.0.0.1;charset=utf8
[ sql ] [ SQL ] SHOW COLUMNS FROM `tp_admin` [ RunTime:0.022001s ]
[ sql ] [ SQL ] SELECT COUNT(*) AS tp_count FROM `tp_admin` WHERE  `status` = 1 LIMIT 1 [ RunTime:0.003001s ]
[ sql ] [ SQL ] SELECT * FROM `tp_admin` WHERE  `status` = 1 LIMIT 0,6 [ RunTime:0.003000s ]

---------------------------------------------------------------
[ 2020-05-09T16:33:03+08:00 ] 127.0.0.1 127.0.0.1 GET /public/admin/index/index.html
[ log ] www.alia.com/public/admin/index/index.html [运行时间：0.053003s][吞吐率：18.87req/s] [内存消耗：2,106.19kb] [文件加载：48]
[ info ] [ LANG ] D:\phpstudy_pro\WWW\www.alia.com\thinkphp\lang\zh-cn.php
[ info ] [ ROUTE ] array (
  'type' => 'module',
  'module' => 
  array (
    0 => 'admin',
    1 => 'index',
    2 => 'index',
  ),
)
[ info ] [ HEADER ] array (
  'cookie' => 'Hm_lvt_b393d153aeb26b46e9431fabaf0f6190=1587004248,1587023233,1587089849,1588498922; PHPSESSID=j7lk85er565mdc8qqibrs739j1',
  'accept-language' => 'zh-CN,zh;q=0.9',
  'accept-encoding' => 'gzip, deflate',
  'referer' => 'http://www.alia.com/public/admin/login/index.html',
  'accept' => 'text/html,application/xhtml+xml,application/xml;q=0.9,image/webp,image/apng,*/*;q=0.8,application/signed-exchange;v=b3',
  'user-agent' => 'Mozilla/5.0 (Windows NT 6.1; Win64; x64) AppleWebKit/537.36 (KHTML, like Gecko) Chrome/76.0.3809.100 Safari/537.36',
  'upgrade-insecure-requests' => '1',
  'cache-control' => 'max-age=0',
  'connection' => 'close',
  'host' => 'www.alia.com',
)
[ info ] [ PARAM ] array (
)
[ info ] [ SESSION ] INIT array (
  'id' => '',
  'var_session_id' => '',
  'prefix' => 'think',
  'type' => '',
  'auto_start' => true,
)
[ info ] [ RUN ] app\admin\controller\Index->index[ D:\phpstudy_pro\WWW\www.alia.com\application\admin\controller\Index.php ]
[ info ] [ VIEW ] D:\phpstudy_pro\WWW\www.alia.com\public/../application/admin\view\index\index.html [ array (
) ]
[ info ] [ LOG ] INIT File

---------------------------------------------------------------
[ 2020-05-09T16:33:04+08:00 ] 127.0.0.1 127.0.0.1 GET /public/admin/index/main.html
[ log ] www.alia.com/public/admin/index/main.html [运行时间：0.138008s][吞吐率：7.25req/s] [内存消耗：3,365.13kb] [文件加载：59]
[ info ] [ LANG ] D:\phpstudy_pro\WWW\www.alia.com\thinkphp\lang\zh-cn.php
[ info ] [ ROUTE ] array (
  'type' => 'module',
  'module' => 
  array (
    0 => 'admin',
    1 => 'index',
    2 => 'main',
  ),
)
[ info ] [ HEADER ] array (
  'cookie' => 'Hm_lvt_b393d153aeb26b46e9431fabaf0f6190=1587004248,1587023233,1587089849,1588498922; PHPSESSID=j7lk85er565mdc8qqibrs739j1',
  'accept-language' => 'zh-CN,zh;q=0.9',
  'accept-encoding' => 'gzip, deflate',
  'referer' => 'http://www.alia.com/public/admin/index/index.html',
  'accept' => 'text/html,application/xhtml+xml,application/xml;q=0.9,image/webp,image/apng,*/*;q=0.8,application/signed-exchange;v=b3',
  'user-agent' => 'Mozilla/5.0 (Windows NT 6.1; Win64; x64) AppleWebKit/537.36 (KHTML, like Gecko) Chrome/76.0.3809.100 Safari/537.36',
  'upgrade-insecure-requests' => '1',
  'connection' => 'close',
  'host' => 'www.alia.com',
)
[ info ] [ PARAM ] array (
)
[ info ] [ SESSION ] INIT array (
  'id' => '',
  'var_session_id' => '',
  'prefix' => 'think',
  'type' => '',
  'auto_start' => true,
)
[ info ] [ RUN ] app\admin\controller\Index->main[ D:\phpstudy_pro\WWW\www.alia.com\application\admin\controller\Index.php ]
[ info ] [ DB ] INIT mysql
[ info ] [ DB ] INIT mysql
[ info ] [ DB ] INIT mysql
[ info ] [ DB ] INIT mysql
[ info ] [ DB ] INIT mysql
[ info ] [ VIEW ] D:\phpstudy_pro\WWW\www.alia.com\public/../application/admin\view\index\main.html [ array (
  0 => 'adminInfo',
  1 => 'userNum',
  2 => 'productNum',
  3 => 'productClick',
  4 => 'orderNum',
  5 => 'admin',
) ]
[ info ] [ LOG ] INIT File
[ sql ] [ DB ] CONNECT:[ UseTime:0.002000s ] mysql:dbname=alia;host=127.0.0.1;charset=utf8
[ sql ] [ SQL ] SHOW COLUMNS FROM `tp_user` [ RunTime:0.013001s ]
[ sql ] [ SQL ] SELECT COUNT(*) AS tp_count FROM `tp_user` LIMIT 1 [ RunTime:0.001000s ]
[ sql ] [ DB ] CONNECT:[ UseTime:0.001000s ] mysql:dbname=alia;host=127.0.0.1;charset=utf8
[ sql ] [ SQL ] SHOW COLUMNS FROM `tp_product` [ RunTime:0.011001s ]
[ sql ] [ SQL ] SELECT COUNT(name) AS tp_count FROM `tp_product` LIMIT 1 [ RunTime:0.001000s ]
[ sql ] [ DB ] CONNECT:[ UseTime:0.001000s ] mysql:dbname=alia;host=127.0.0.1;charset=utf8
[ sql ] [ SQL ] SELECT SUM(click) AS tp_sum FROM `tp_product` LIMIT 1 [ RunTime:0.001000s ]
[ sql ] [ DB ] CONNECT:[ UseTime:0.001000s ] mysql:dbname=alia;host=127.0.0.1;charset=utf8
[ sql ] [ SQL ] SHOW COLUMNS FROM `tp_order` [ RunTime:0.010000s ]
[ sql ] [ SQL ] SELECT COUNT(*) AS tp_count FROM `tp_order` LIMIT 1 [ RunTime:0.001000s ]
[ sql ] [ DB ] CONNECT:[ UseTime:0.002000s ] mysql:dbname=alia;host=127.0.0.1;charset=utf8
[ sql ] [ SQL ] SHOW COLUMNS FROM `tp_admin` [ RunTime:0.013000s ]
[ sql ] [ SQL ] SELECT COUNT(*) AS tp_count FROM `tp_admin` WHERE  `status` = 1 LIMIT 1 [ RunTime:0.002001s ]
[ sql ] [ SQL ] SELECT * FROM `tp_admin` WHERE  `status` = 1 LIMIT 0,6 [ RunTime:0.002000s ]

---------------------------------------------------------------
[ 2020-05-09T16:33:51+08:00 ] 127.0.0.1 127.0.0.1 GET /public/admin/index/index.html
[ log ] www.alia.com/public/admin/index/index.html [运行时间：0.034002s][吞吐率：29.41req/s] [内存消耗：2,106.45kb] [文件加载：48]
[ info ] [ LANG ] D:\phpstudy_pro\WWW\www.alia.com\thinkphp\lang\zh-cn.php
[ info ] [ ROUTE ] array (
  'type' => 'module',
  'module' => 
  array (
    0 => 'admin',
    1 => 'index',
    2 => 'index',
  ),
)
[ info ] [ HEADER ] array (
  'cookie' => 'Hm_lvt_b393d153aeb26b46e9431fabaf0f6190=1587004248,1587023233,1587089849,1588498922; PHPSESSID=j7lk85er565mdc8qqibrs739j1',
  'accept-language' => 'zh-CN,zh;q=0.9',
  'accept-encoding' => 'gzip, deflate',
  'referer' => 'http://www.alia.com/public/admin/login/index.html',
  'accept' => 'text/html,application/xhtml+xml,application/xml;q=0.9,image/webp,image/apng,*/*;q=0.8,application/signed-exchange;v=b3',
  'user-agent' => 'Mozilla/5.0 (Linux; Android 6.0; Nexus 5 Build/MRA58N) AppleWebKit/537.36 (KHTML, like Gecko) Chrome/76.0.3809.100 Mobile Safari/537.36',
  'upgrade-insecure-requests' => '1',
  'cache-control' => 'no-cache',
  'pragma' => 'no-cache',
  'connection' => 'close',
  'host' => 'www.alia.com',
)
[ info ] [ PARAM ] array (
)
[ info ] [ SESSION ] INIT array (
  'id' => '',
  'var_session_id' => '',
  'prefix' => 'think',
  'type' => '',
  'auto_start' => true,
)
[ info ] [ RUN ] app\admin\controller\Index->index[ D:\phpstudy_pro\WWW\www.alia.com\application\admin\controller\Index.php ]
[ info ] [ VIEW ] D:\phpstudy_pro\WWW\www.alia.com\public/../application/admin\view\index\index.html [ array (
) ]
[ info ] [ LOG ] INIT File

---------------------------------------------------------------
[ 2020-05-09T16:33:51+08:00 ] 127.0.0.1 127.0.0.1 GET /public/admin/index/main.html
[ log ] www.alia.com/public/admin/index/main.html [运行时间：0.171010s][吞吐率：5.85req/s] [内存消耗：3,365.95kb] [文件加载：59]
[ info ] [ LANG ] D:\phpstudy_pro\WWW\www.alia.com\thinkphp\lang\zh-cn.php
[ info ] [ ROUTE ] array (
  'type' => 'module',
  'module' => 
  array (
    0 => 'admin',
    1 => 'index',
    2 => 'main',
  ),
)
[ info ] [ HEADER ] array (
  'cookie' => 'Hm_lvt_b393d153aeb26b46e9431fabaf0f6190=1587004248,1587023233,1587089849,1588498922; PHPSESSID=j7lk85er565mdc8qqibrs739j1',
  'accept-language' => 'zh-CN,zh;q=0.9',
  'accept-encoding' => 'gzip, deflate',
  'referer' => 'http://www.alia.com/public/admin/index/index.html',
  'accept' => 'text/html,application/xhtml+xml,application/xml;q=0.9,image/webp,image/apng,*/*;q=0.8,application/signed-exchange;v=b3',
  'user-agent' => 'Mozilla/5.0 (Linux; Android 6.0; Nexus 5 Build/MRA58N) AppleWebKit/537.36 (KHTML, like Gecko) Chrome/76.0.3809.100 Mobile Safari/537.36',
  'upgrade-insecure-requests' => '1',
  'cache-control' => 'no-cache',
  'pragma' => 'no-cache',
  'connection' => 'close',
  'host' => 'www.alia.com',
)
[ info ] [ PARAM ] array (
)
[ info ] [ SESSION ] INIT array (
  'id' => '',
  'var_session_id' => '',
  'prefix' => 'think',
  'type' => '',
  'auto_start' => true,
)
[ info ] [ RUN ] app\admin\controller\Index->main[ D:\phpstudy_pro\WWW\www.alia.com\application\admin\controller\Index.php ]
[ info ] [ DB ] INIT mysql
[ info ] [ DB ] INIT mysql
[ info ] [ DB ] INIT mysql
[ info ] [ DB ] INIT mysql
[ info ] [ DB ] INIT mysql
[ info ] [ VIEW ] D:\phpstudy_pro\WWW\www.alia.com\public/../application/admin\view\index\main.html [ array (
  0 => 'adminInfo',
  1 => 'userNum',
  2 => 'productNum',
  3 => 'productClick',
  4 => 'orderNum',
  5 => 'admin',
) ]
[ info ] [ LOG ] INIT File
[ sql ] [ DB ] CONNECT:[ UseTime:0.003000s ] mysql:dbname=alia;host=127.0.0.1;charset=utf8
[ sql ] [ SQL ] SHOW COLUMNS FROM `tp_user` [ RunTime:0.017001s ]
[ sql ] [ SQL ] SELECT COUNT(*) AS tp_count FROM `tp_user` LIMIT 1 [ RunTime:0.001000s ]
[ sql ] [ DB ] CONNECT:[ UseTime:0.004000s ] mysql:dbname=alia;host=127.0.0.1;charset=utf8
[ sql ] [ SQL ] SHOW COLUMNS FROM `tp_product` [ RunTime:0.017001s ]
[ sql ] [ SQL ] SELECT COUNT(name) AS tp_count FROM `tp_product` LIMIT 1 [ RunTime:0.004000s ]
[ sql ] [ DB ] CONNECT:[ UseTime:0.011001s ] mysql:dbname=alia;host=127.0.0.1;charset=utf8
[ sql ] [ SQL ] SELECT SUM(click) AS tp_sum FROM `tp_product` LIMIT 1 [ RunTime:0.001000s ]
[ sql ] [ DB ] CONNECT:[ UseTime:0.002000s ] mysql:dbname=alia;host=127.0.0.1;charset=utf8
[ sql ] [ SQL ] SHOW COLUMNS FROM `tp_order` [ RunTime:0.015001s ]
[ sql ] [ SQL ] SELECT COUNT(*) AS tp_count FROM `tp_order` LIMIT 1 [ RunTime:0.001000s ]
[ sql ] [ DB ] CONNECT:[ UseTime:0.001000s ] mysql:dbname=alia;host=127.0.0.1;charset=utf8
[ sql ] [ SQL ] SHOW COLUMNS FROM `tp_admin` [ RunTime:0.013001s ]
[ sql ] [ SQL ] SELECT COUNT(*) AS tp_count FROM `tp_admin` WHERE  `status` = 1 LIMIT 1 [ RunTime:0.001000s ]
[ sql ] [ SQL ] SELECT * FROM `tp_admin` WHERE  `status` = 1 LIMIT 0,6 [ RunTime:0.001000s ]

---------------------------------------------------------------
[ 2020-05-09T16:33:51+08:00 ] 127.0.0.1 127.0.0.1 GET /public/static/admin/js/jquery.js
[ log ] www.alia.com/public/static/admin/js/jquery.js [运行时间：0.086005s][吞吐率：11.63req/s] [内存消耗：1,717.77kb] [文件加载：40]
[ info ] [ LANG ] D:\phpstudy_pro\WWW\www.alia.com\thinkphp\lang\zh-cn.php
[ info ] [ ROUTE ] array (
  'type' => 'module',
  'module' => 
  array (
    0 => 'static',
    1 => 'admin',
    2 => 'js',
  ),
)
[ info ] [ HEADER ] array (
  'cookie' => 'Hm_lvt_b393d153aeb26b46e9431fabaf0f6190=1587004248,1587023233,1587089849,1588498922; PHPSESSID=j7lk85er565mdc8qqibrs739j1',
  'accept-language' => 'zh-CN,zh;q=0.9',
  'accept-encoding' => 'gzip, deflate',
  'referer' => 'http://www.alia.com/public/admin/index/main.html',
  'accept' => '*/*',
  'user-agent' => 'Mozilla/5.0 (Linux; Android 6.0; Nexus 5 Build/MRA58N) AppleWebKit/537.36 (KHTML, like Gecko) Chrome/76.0.3809.100 Mobile Safari/537.36',
  'cache-control' => 'no-cache',
  'pragma' => 'no-cache',
  'connection' => 'close',
  'host' => 'www.alia.com',
)
[ info ] [ PARAM ] array (
)
[ info ] [ LOG ] INIT File

---------------------------------------------------------------
[ 2020-05-09T16:34:29+08:00 ] 127.0.0.1 127.0.0.1 GET /public/admin/index/index.html
[ log ] www.alia.com/public/admin/index/index.html [运行时间：0.038002s][吞吐率：26.31req/s] [内存消耗：2,106.45kb] [文件加载：48]
[ info ] [ LANG ] D:\phpstudy_pro\WWW\www.alia.com\thinkphp\lang\zh-cn.php
[ info ] [ ROUTE ] array (
  'type' => 'module',
  'module' => 
  array (
    0 => 'admin',
    1 => 'index',
    2 => 'index',
  ),
)
[ info ] [ HEADER ] array (
  'cookie' => 'Hm_lvt_b393d153aeb26b46e9431fabaf0f6190=1587004248,1587023233,1587089849,1588498922; PHPSESSID=j7lk85er565mdc8qqibrs739j1',
  'accept-language' => 'zh-CN,zh;q=0.9',
  'accept-encoding' => 'gzip, deflate',
  'referer' => 'http://www.alia.com/public/admin/login/index.html',
  'accept' => 'text/html,application/xhtml+xml,application/xml;q=0.9,image/webp,image/apng,*/*;q=0.8,application/signed-exchange;v=b3',
  'user-agent' => 'Mozilla/5.0 (Linux; Android 6.0; Nexus 5 Build/MRA58N) AppleWebKit/537.36 (KHTML, like Gecko) Chrome/76.0.3809.100 Mobile Safari/537.36',
  'upgrade-insecure-requests' => '1',
  'cache-control' => 'no-cache',
  'pragma' => 'no-cache',
  'connection' => 'close',
  'host' => 'www.alia.com',
)
[ info ] [ PARAM ] array (
)
[ info ] [ SESSION ] INIT array (
  'id' => '',
  'var_session_id' => '',
  'prefix' => 'think',
  'type' => '',
  'auto_start' => true,
)
[ info ] [ RUN ] app\admin\controller\Index->index[ D:\phpstudy_pro\WWW\www.alia.com\application\admin\controller\Index.php ]
[ info ] [ VIEW ] D:\phpstudy_pro\WWW\www.alia.com\public/../application/admin\view\index\index.html [ array (
) ]
[ info ] [ LOG ] INIT File

---------------------------------------------------------------
[ 2020-05-09T16:34:30+08:00 ] 127.0.0.1 127.0.0.1 GET /public/admin/index/main.html
[ log ] www.alia.com/public/admin/index/main.html [运行时间：0.164009s][吞吐率：6.10req/s] [内存消耗：3,365.93kb] [文件加载：59]
[ info ] [ LANG ] D:\phpstudy_pro\WWW\www.alia.com\thinkphp\lang\zh-cn.php
[ info ] [ ROUTE ] array (
  'type' => 'module',
  'module' => 
  array (
    0 => 'admin',
    1 => 'index',
    2 => 'main',
  ),
)
[ info ] [ HEADER ] array (
  'cookie' => 'Hm_lvt_b393d153aeb26b46e9431fabaf0f6190=1587004248,1587023233,1587089849,1588498922; PHPSESSID=j7lk85er565mdc8qqibrs739j1',
  'accept-language' => 'zh-CN,zh;q=0.9',
  'accept-encoding' => 'gzip, deflate',
  'referer' => 'http://www.alia.com/public/admin/index/index.html',
  'accept' => 'text/html,application/xhtml+xml,application/xml;q=0.9,image/webp,image/apng,*/*;q=0.8,application/signed-exchange;v=b3',
  'user-agent' => 'Mozilla/5.0 (Linux; Android 6.0; Nexus 5 Build/MRA58N) AppleWebKit/537.36 (KHTML, like Gecko) Chrome/76.0.3809.100 Mobile Safari/537.36',
  'upgrade-insecure-requests' => '1',
  'cache-control' => 'no-cache',
  'pragma' => 'no-cache',
  'connection' => 'close',
  'host' => 'www.alia.com',
)
[ info ] [ PARAM ] array (
)
[ info ] [ SESSION ] INIT array (
  'id' => '',
  'var_session_id' => '',
  'prefix' => 'think',
  'type' => '',
  'auto_start' => true,
)
[ info ] [ RUN ] app\admin\controller\Index->main[ D:\phpstudy_pro\WWW\www.alia.com\application\admin\controller\Index.php ]
[ info ] [ DB ] INIT mysql
[ info ] [ DB ] INIT mysql
[ info ] [ DB ] INIT mysql
[ info ] [ DB ] INIT mysql
[ info ] [ DB ] INIT mysql
[ info ] [ VIEW ] D:\phpstudy_pro\WWW\www.alia.com\public/../application/admin\view\index\main.html [ array (
  0 => 'adminInfo',
  1 => 'userNum',
  2 => 'productNum',
  3 => 'productClick',
  4 => 'orderNum',
  5 => 'admin',
) ]
[ info ] [ LOG ] INIT File
[ sql ] [ DB ] CONNECT:[ UseTime:0.002000s ] mysql:dbname=alia;host=127.0.0.1;charset=utf8
[ sql ] [ SQL ] SHOW COLUMNS FROM `tp_user` [ RunTime:0.017001s ]
[ sql ] [ SQL ] SELECT COUNT(*) AS tp_count FROM `tp_user` LIMIT 1 [ RunTime:0.001000s ]
[ sql ] [ DB ] CONNECT:[ UseTime:0.007000s ] mysql:dbname=alia;host=127.0.0.1;charset=utf8
[ sql ] [ SQL ] SHOW COLUMNS FROM `tp_product` [ RunTime:0.011001s ]
[ sql ] [ SQL ] SELECT COUNT(name) AS tp_count FROM `tp_product` LIMIT 1 [ RunTime:0.001000s ]
[ sql ] [ DB ] CONNECT:[ UseTime:0.003000s ] mysql:dbname=alia;host=127.0.0.1;charset=utf8
[ sql ] [ SQL ] SELECT SUM(click) AS tp_sum FROM `tp_product` LIMIT 1 [ RunTime:0.000000s ]
[ sql ] [ DB ] CONNECT:[ UseTime:0.002000s ] mysql:dbname=alia;host=127.0.0.1;charset=utf8
[ sql ] [ SQL ] SHOW COLUMNS FROM `tp_order` [ RunTime:0.016001s ]
[ sql ] [ SQL ] SELECT COUNT(*) AS tp_count FROM `tp_order` LIMIT 1 [ RunTime:0.002001s ]
[ sql ] [ DB ] CONNECT:[ UseTime:0.011000s ] mysql:dbname=alia;host=127.0.0.1;charset=utf8
[ sql ] [ SQL ] SHOW COLUMNS FROM `tp_admin` [ RunTime:0.020001s ]
[ sql ] [ SQL ] SELECT COUNT(*) AS tp_count FROM `tp_admin` WHERE  `status` = 1 LIMIT 1 [ RunTime:0.001000s ]
[ sql ] [ SQL ] SELECT * FROM `tp_admin` WHERE  `status` = 1 LIMIT 0,6 [ RunTime:0.001000s ]

---------------------------------------------------------------
[ 2020-05-09T16:34:40+08:00 ] 127.0.0.1 127.0.0.1 GET /public/admin/index/index.html
[ log ] www.alia.com/public/admin/index/index.html [运行时间：0.036002s][吞吐率：27.78req/s] [内存消耗：2,106.45kb] [文件加载：48]
[ info ] [ LANG ] D:\phpstudy_pro\WWW\www.alia.com\thinkphp\lang\zh-cn.php
[ info ] [ ROUTE ] array (
  'type' => 'module',
  'module' => 
  array (
    0 => 'admin',
    1 => 'index',
    2 => 'index',
  ),
)
[ info ] [ HEADER ] array (
  'cookie' => 'Hm_lvt_b393d153aeb26b46e9431fabaf0f6190=1587004248,1587023233,1587089849,1588498922; PHPSESSID=j7lk85er565mdc8qqibrs739j1',
  'accept-language' => 'zh-CN,zh;q=0.9',
  'accept-encoding' => 'gzip, deflate',
  'referer' => 'http://www.alia.com/public/admin/login/index.html',
  'accept' => 'text/html,application/xhtml+xml,application/xml;q=0.9,image/webp,image/apng,*/*;q=0.8,application/signed-exchange;v=b3',
  'user-agent' => 'Mozilla/5.0 (Linux; Android 6.0; Nexus 5 Build/MRA58N) AppleWebKit/537.36 (KHTML, like Gecko) Chrome/76.0.3809.100 Mobile Safari/537.36',
  'upgrade-insecure-requests' => '1',
  'cache-control' => 'no-cache',
  'pragma' => 'no-cache',
  'connection' => 'close',
  'host' => 'www.alia.com',
)
[ info ] [ PARAM ] array (
)
[ info ] [ SESSION ] INIT array (
  'id' => '',
  'var_session_id' => '',
  'prefix' => 'think',
  'type' => '',
  'auto_start' => true,
)
[ info ] [ RUN ] app\admin\controller\Index->index[ D:\phpstudy_pro\WWW\www.alia.com\application\admin\controller\Index.php ]
[ info ] [ VIEW ] D:\phpstudy_pro\WWW\www.alia.com\public/../application/admin\view\index\index.html [ array (
) ]
[ info ] [ LOG ] INIT File

---------------------------------------------------------------
[ 2020-05-09T16:34:40+08:00 ] 127.0.0.1 127.0.0.1 GET /public/admin/index/main.html
[ log ] www.alia.com/public/admin/index/main.html [运行时间：0.160009s][吞吐率：6.25req/s] [内存消耗：3,365.92kb] [文件加载：59]
[ info ] [ LANG ] D:\phpstudy_pro\WWW\www.alia.com\thinkphp\lang\zh-cn.php
[ info ] [ ROUTE ] array (
  'type' => 'module',
  'module' => 
  array (
    0 => 'admin',
    1 => 'index',
    2 => 'main',
  ),
)
[ info ] [ HEADER ] array (
  'cookie' => 'Hm_lvt_b393d153aeb26b46e9431fabaf0f6190=1587004248,1587023233,1587089849,1588498922; PHPSESSID=j7lk85er565mdc8qqibrs739j1',
  'accept-language' => 'zh-CN,zh;q=0.9',
  'accept-encoding' => 'gzip, deflate',
  'referer' => 'http://www.alia.com/public/admin/index/index.html',
  'accept' => 'text/html,application/xhtml+xml,application/xml;q=0.9,image/webp,image/apng,*/*;q=0.8,application/signed-exchange;v=b3',
  'user-agent' => 'Mozilla/5.0 (Linux; Android 6.0; Nexus 5 Build/MRA58N) AppleWebKit/537.36 (KHTML, like Gecko) Chrome/76.0.3809.100 Mobile Safari/537.36',
  'upgrade-insecure-requests' => '1',
  'cache-control' => 'no-cache',
  'pragma' => 'no-cache',
  'connection' => 'close',
  'host' => 'www.alia.com',
)
[ info ] [ PARAM ] array (
)
[ info ] [ SESSION ] INIT array (
  'id' => '',
  'var_session_id' => '',
  'prefix' => 'think',
  'type' => '',
  'auto_start' => true,
)
[ info ] [ RUN ] app\admin\controller\Index->main[ D:\phpstudy_pro\WWW\www.alia.com\application\admin\controller\Index.php ]
[ info ] [ DB ] INIT mysql
[ info ] [ DB ] INIT mysql
[ info ] [ DB ] INIT mysql
[ info ] [ DB ] INIT mysql
[ info ] [ DB ] INIT mysql
[ info ] [ VIEW ] D:\phpstudy_pro\WWW\www.alia.com\public/../application/admin\view\index\main.html [ array (
  0 => 'adminInfo',
  1 => 'userNum',
  2 => 'productNum',
  3 => 'productClick',
  4 => 'orderNum',
  5 => 'admin',
) ]
[ info ] [ LOG ] INIT File
[ sql ] [ DB ] CONNECT:[ UseTime:0.002000s ] mysql:dbname=alia;host=127.0.0.1;charset=utf8
[ sql ] [ SQL ] SHOW COLUMNS FROM `tp_user` [ RunTime:0.019001s ]
[ sql ] [ SQL ] SELECT COUNT(*) AS tp_count FROM `tp_user` LIMIT 1 [ RunTime:0.003000s ]
[ sql ] [ DB ] CONNECT:[ UseTime:0.005000s ] mysql:dbname=alia;host=127.0.0.1;charset=utf8
[ sql ] [ SQL ] SHOW COLUMNS FROM `tp_product` [ RunTime:0.014001s ]
[ sql ] [ SQL ] SELECT COUNT(name) AS tp_count FROM `tp_product` LIMIT 1 [ RunTime:0.002000s ]
[ sql ] [ DB ] CONNECT:[ UseTime:0.001000s ] mysql:dbname=alia;host=127.0.0.1;charset=utf8
[ sql ] [ SQL ] SELECT SUM(click) AS tp_sum FROM `tp_product` LIMIT 1 [ RunTime:0.001000s ]
[ sql ] [ DB ] CONNECT:[ UseTime:0.002001s ] mysql:dbname=alia;host=127.0.0.1;charset=utf8
[ sql ] [ SQL ] SHOW COLUMNS FROM `tp_order` [ RunTime:0.015000s ]
[ sql ] [ SQL ] SELECT COUNT(*) AS tp_count FROM `tp_order` LIMIT 1 [ RunTime:0.001001s ]
[ sql ] [ DB ] CONNECT:[ UseTime:0.005000s ] mysql:dbname=alia;host=127.0.0.1;charset=utf8
[ sql ] [ SQL ] SHOW COLUMNS FROM `tp_admin` [ RunTime:0.013001s ]
[ sql ] [ SQL ] SELECT COUNT(*) AS tp_count FROM `tp_admin` WHERE  `status` = 1 LIMIT 1 [ RunTime:0.003000s ]
[ sql ] [ SQL ] SELECT * FROM `tp_admin` WHERE  `status` = 1 LIMIT 0,6 [ RunTime:0.002000s ]

---------------------------------------------------------------
[ 2020-05-09T16:35:46+08:00 ] 127.0.0.1 127.0.0.1 GET /public/admin/index/index.html
[ log ] www.alia.com/public/admin/index/index.html [运行时间：0.035002s][吞吐率：28.57req/s] [内存消耗：2,106.45kb] [文件加载：48]
[ info ] [ LANG ] D:\phpstudy_pro\WWW\www.alia.com\thinkphp\lang\zh-cn.php
[ info ] [ ROUTE ] array (
  'type' => 'module',
  'module' => 
  array (
    0 => 'admin',
    1 => 'index',
    2 => 'index',
  ),
)
[ info ] [ HEADER ] array (
  'cookie' => 'Hm_lvt_b393d153aeb26b46e9431fabaf0f6190=1587004248,1587023233,1587089849,1588498922; PHPSESSID=j7lk85er565mdc8qqibrs739j1',
  'accept-language' => 'zh-CN,zh;q=0.9',
  'accept-encoding' => 'gzip, deflate',
  'referer' => 'http://www.alia.com/public/admin/login/index.html',
  'accept' => 'text/html,application/xhtml+xml,application/xml;q=0.9,image/webp,image/apng,*/*;q=0.8,application/signed-exchange;v=b3',
  'user-agent' => 'Mozilla/5.0 (Linux; Android 6.0; Nexus 5 Build/MRA58N) AppleWebKit/537.36 (KHTML, like Gecko) Chrome/76.0.3809.100 Mobile Safari/537.36',
  'upgrade-insecure-requests' => '1',
  'cache-control' => 'no-cache',
  'pragma' => 'no-cache',
  'connection' => 'close',
  'host' => 'www.alia.com',
)
[ info ] [ PARAM ] array (
)
[ info ] [ SESSION ] INIT array (
  'id' => '',
  'var_session_id' => '',
  'prefix' => 'think',
  'type' => '',
  'auto_start' => true,
)
[ info ] [ RUN ] app\admin\controller\Index->index[ D:\phpstudy_pro\WWW\www.alia.com\application\admin\controller\Index.php ]
[ info ] [ VIEW ] D:\phpstudy_pro\WWW\www.alia.com\public/../application/admin\view\index\index.html [ array (
) ]
[ info ] [ LOG ] INIT File

---------------------------------------------------------------
[ 2020-05-09T16:35:46+08:00 ] 127.0.0.1 127.0.0.1 GET /public/admin/index/main.html
[ log ] www.alia.com/public/admin/index/main.html [运行时间：0.195011s][吞吐率：5.13req/s] [内存消耗：3,365.94kb] [文件加载：59]
[ info ] [ LANG ] D:\phpstudy_pro\WWW\www.alia.com\thinkphp\lang\zh-cn.php
[ info ] [ ROUTE ] array (
  'type' => 'module',
  'module' => 
  array (
    0 => 'admin',
    1 => 'index',
    2 => 'main',
  ),
)
[ info ] [ HEADER ] array (
  'cookie' => 'Hm_lvt_b393d153aeb26b46e9431fabaf0f6190=1587004248,1587023233,1587089849,1588498922; PHPSESSID=j7lk85er565mdc8qqibrs739j1',
  'accept-language' => 'zh-CN,zh;q=0.9',
  'accept-encoding' => 'gzip, deflate',
  'referer' => 'http://www.alia.com/public/admin/index/index.html',
  'accept' => 'text/html,application/xhtml+xml,application/xml;q=0.9,image/webp,image/apng,*/*;q=0.8,application/signed-exchange;v=b3',
  'user-agent' => 'Mozilla/5.0 (Linux; Android 6.0; Nexus 5 Build/MRA58N) AppleWebKit/537.36 (KHTML, like Gecko) Chrome/76.0.3809.100 Mobile Safari/537.36',
  'upgrade-insecure-requests' => '1',
  'cache-control' => 'no-cache',
  'pragma' => 'no-cache',
  'connection' => 'close',
  'host' => 'www.alia.com',
)
[ info ] [ PARAM ] array (
)
[ info ] [ SESSION ] INIT array (
  'id' => '',
  'var_session_id' => '',
  'prefix' => 'think',
  'type' => '',
  'auto_start' => true,
)
[ info ] [ RUN ] app\admin\controller\Index->main[ D:\phpstudy_pro\WWW\www.alia.com\application\admin\controller\Index.php ]
[ info ] [ DB ] INIT mysql
[ info ] [ DB ] INIT mysql
[ info ] [ DB ] INIT mysql
[ info ] [ DB ] INIT mysql
[ info ] [ DB ] INIT mysql
[ info ] [ VIEW ] D:\phpstudy_pro\WWW\www.alia.com\public/../application/admin\view\index\main.html [ array (
  0 => 'adminInfo',
  1 => 'userNum',
  2 => 'productNum',
  3 => 'productClick',
  4 => 'orderNum',
  5 => 'admin',
) ]
[ info ] [ LOG ] INIT File
[ sql ] [ DB ] CONNECT:[ UseTime:0.010000s ] mysql:dbname=alia;host=127.0.0.1;charset=utf8
[ sql ] [ SQL ] SHOW COLUMNS FROM `tp_user` [ RunTime:0.017000s ]
[ sql ] [ SQL ] SELECT COUNT(*) AS tp_count FROM `tp_user` LIMIT 1 [ RunTime:0.001000s ]
[ sql ] [ DB ] CONNECT:[ UseTime:0.002000s ] mysql:dbname=alia;host=127.0.0.1;charset=utf8
[ sql ] [ SQL ] SHOW COLUMNS FROM `tp_product` [ RunTime:0.020001s ]
[ sql ] [ SQL ] SELECT COUNT(name) AS tp_count FROM `tp_product` LIMIT 1 [ RunTime:0.001000s ]
[ sql ] [ DB ] CONNECT:[ UseTime:0.011001s ] mysql:dbname=alia;host=127.0.0.1;charset=utf8
[ sql ] [ SQL ] SELECT SUM(click) AS tp_sum FROM `tp_product` LIMIT 1 [ RunTime:0.001000s ]
[ sql ] [ DB ] CONNECT:[ UseTime:0.011000s ] mysql:dbname=alia;host=127.0.0.1;charset=utf8
[ sql ] [ SQL ] SHOW COLUMNS FROM `tp_order` [ RunTime:0.018001s ]
[ sql ] [ SQL ] SELECT COUNT(*) AS tp_count FROM `tp_order` LIMIT 1 [ RunTime:0.001000s ]
[ sql ] [ DB ] CONNECT:[ UseTime:0.000000s ] mysql:dbname=alia;host=127.0.0.1;charset=utf8
[ sql ] [ SQL ] SHOW COLUMNS FROM `tp_admin` [ RunTime:0.009000s ]
[ sql ] [ SQL ] SELECT COUNT(*) AS tp_count FROM `tp_admin` WHERE  `status` = 1 LIMIT 1 [ RunTime:0.001000s ]
[ sql ] [ SQL ] SELECT * FROM `tp_admin` WHERE  `status` = 1 LIMIT 0,6 [ RunTime:0.000000s ]

---------------------------------------------------------------
[ 2020-05-09T16:36:25+08:00 ] 127.0.0.1 127.0.0.1 GET /public/admin/index/index.html
[ log ] www.alia.com/public/admin/index/index.html [运行时间：0.042002s][吞吐率：23.81req/s] [内存消耗：2,106.19kb] [文件加载：48]
[ info ] [ LANG ] D:\phpstudy_pro\WWW\www.alia.com\thinkphp\lang\zh-cn.php
[ info ] [ ROUTE ] array (
  'type' => 'module',
  'module' => 
  array (
    0 => 'admin',
    1 => 'index',
    2 => 'index',
  ),
)
[ info ] [ HEADER ] array (
  'cookie' => 'Hm_lvt_b393d153aeb26b46e9431fabaf0f6190=1587004248,1587023233,1587089849,1588498922; PHPSESSID=j7lk85er565mdc8qqibrs739j1',
  'accept-language' => 'zh-CN,zh;q=0.9',
  'accept-encoding' => 'gzip, deflate',
  'referer' => 'http://www.alia.com/public/admin/login/index.html',
  'accept' => 'text/html,application/xhtml+xml,application/xml;q=0.9,image/webp,image/apng,*/*;q=0.8,application/signed-exchange;v=b3',
  'user-agent' => 'Mozilla/5.0 (Windows NT 6.1; Win64; x64) AppleWebKit/537.36 (KHTML, like Gecko) Chrome/76.0.3809.100 Safari/537.36',
  'upgrade-insecure-requests' => '1',
  'cache-control' => 'max-age=0',
  'connection' => 'close',
  'host' => 'www.alia.com',
)
[ info ] [ PARAM ] array (
)
[ info ] [ SESSION ] INIT array (
  'id' => '',
  'var_session_id' => '',
  'prefix' => 'think',
  'type' => '',
  'auto_start' => true,
)
[ info ] [ RUN ] app\admin\controller\Index->index[ D:\phpstudy_pro\WWW\www.alia.com\application\admin\controller\Index.php ]
[ info ] [ VIEW ] D:\phpstudy_pro\WWW\www.alia.com\public/../application/admin\view\index\index.html [ array (
) ]
[ info ] [ LOG ] INIT File

---------------------------------------------------------------
[ 2020-05-09T16:36:25+08:00 ] 127.0.0.1 127.0.0.1 GET /public/admin/index/main.html
[ log ] www.alia.com/public/admin/index/main.html [运行时间：0.158009s][吞吐率：6.33req/s] [内存消耗：3,365.17kb] [文件加载：59]
[ info ] [ LANG ] D:\phpstudy_pro\WWW\www.alia.com\thinkphp\lang\zh-cn.php
[ info ] [ ROUTE ] array (
  'type' => 'module',
  'module' => 
  array (
    0 => 'admin',
    1 => 'index',
    2 => 'main',
  ),
)
[ info ] [ HEADER ] array (
  'cookie' => 'Hm_lvt_b393d153aeb26b46e9431fabaf0f6190=1587004248,1587023233,1587089849,1588498922; PHPSESSID=j7lk85er565mdc8qqibrs739j1',
  'accept-language' => 'zh-CN,zh;q=0.9',
  'accept-encoding' => 'gzip, deflate',
  'referer' => 'http://www.alia.com/public/admin/index/index.html',
  'accept' => 'text/html,application/xhtml+xml,application/xml;q=0.9,image/webp,image/apng,*/*;q=0.8,application/signed-exchange;v=b3',
  'user-agent' => 'Mozilla/5.0 (Windows NT 6.1; Win64; x64) AppleWebKit/537.36 (KHTML, like Gecko) Chrome/76.0.3809.100 Safari/537.36',
  'upgrade-insecure-requests' => '1',
  'connection' => 'close',
  'host' => 'www.alia.com',
)
[ info ] [ PARAM ] array (
)
[ info ] [ SESSION ] INIT array (
  'id' => '',
  'var_session_id' => '',
  'prefix' => 'think',
  'type' => '',
  'auto_start' => true,
)
[ info ] [ RUN ] app\admin\controller\Index->main[ D:\phpstudy_pro\WWW\www.alia.com\application\admin\controller\Index.php ]
[ info ] [ DB ] INIT mysql
[ info ] [ DB ] INIT mysql
[ info ] [ DB ] INIT mysql
[ info ] [ DB ] INIT mysql
[ info ] [ DB ] INIT mysql
[ info ] [ VIEW ] D:\phpstudy_pro\WWW\www.alia.com\public/../application/admin\view\index\main.html [ array (
  0 => 'adminInfo',
  1 => 'userNum',
  2 => 'productNum',
  3 => 'productClick',
  4 => 'orderNum',
  5 => 'admin',
) ]
[ info ] [ LOG ] INIT File
[ sql ] [ DB ] CONNECT:[ UseTime:0.003001s ] mysql:dbname=alia;host=127.0.0.1;charset=utf8
[ sql ] [ SQL ] SHOW COLUMNS FROM `tp_user` [ RunTime:0.018001s ]
[ sql ] [ SQL ] SELECT COUNT(*) AS tp_count FROM `tp_user` LIMIT 1 [ RunTime:0.002000s ]
[ sql ] [ DB ] CONNECT:[ UseTime:0.001000s ] mysql:dbname=alia;host=127.0.0.1;charset=utf8
[ sql ] [ SQL ] SHOW COLUMNS FROM `tp_product` [ RunTime:0.012001s ]
[ sql ] [ SQL ] SELECT COUNT(name) AS tp_count FROM `tp_product` LIMIT 1 [ RunTime:0.002000s ]
[ sql ] [ DB ] CONNECT:[ UseTime:0.002000s ] mysql:dbname=alia;host=127.0.0.1;charset=utf8
[ sql ] [ SQL ] SELECT SUM(click) AS tp_sum FROM `tp_product` LIMIT 1 [ RunTime:0.001000s ]
[ sql ] [ DB ] CONNECT:[ UseTime:0.010001s ] mysql:dbname=alia;host=127.0.0.1;charset=utf8
[ sql ] [ SQL ] SHOW COLUMNS FROM `tp_order` [ RunTime:0.014000s ]
[ sql ] [ SQL ] SELECT COUNT(*) AS tp_count FROM `tp_order` LIMIT 1 [ RunTime:0.001001s ]
[ sql ] [ DB ] CONNECT:[ UseTime:0.002000s ] mysql:dbname=alia;host=127.0.0.1;charset=utf8
[ sql ] [ SQL ] SHOW COLUMNS FROM `tp_admin` [ RunTime:0.017001s ]
[ sql ] [ SQL ] SELECT COUNT(*) AS tp_count FROM `tp_admin` WHERE  `status` = 1 LIMIT 1 [ RunTime:0.001000s ]
[ sql ] [ SQL ] SELECT * FROM `tp_admin` WHERE  `status` = 1 LIMIT 0,6 [ RunTime:0.001000s ]

---------------------------------------------------------------
